This file contains any messages produced by compilers while
running configure, to aid debugging if configure makes a mistake.

It was created by nemiver configure 0.9.5, which was
generated by GNU Autoconf 2.69.  Invocation command line was

  $ /home/buseung/nemiver/configure --enable-maintainer-mode

## --------- ##
## Platform. ##
## --------- ##

hostname = localhost.localdomain
uname -m = x86_64
uname -r = 3.17.4-200.fc20.x86_64
uname -s = Linux
uname -v = #1 SMP Fri Nov 21 23:26:41 UTC 2014

/usr/bin/uname -p = x86_64
/bin/uname -X     = unknown

/bin/arch              = x86_64
/usr/bin/arch -k       = unknown
/usr/convex/getsysinfo = unknown
/usr/bin/hostinfo      = unknown
/bin/machine           = unknown
/usr/bin/oslevel       = unknown
/bin/universe          = unknown

PATH: /usr/local/bin
PATH: /usr/bin
PATH: /bin
PATH: /usr/local/sbin
PATH: /usr/sbin
PATH: /home/buseung/.local/bin
PATH: /home/buseung/bin


## ----------- ##
## Core tests. ##
## ----------- ##

configure:2791: checking build system type
configure:2805: result: x86_64-unknown-linux-gnu
configure:2825: checking host system type
configure:2838: result: x86_64-unknown-linux-gnu
configure:2858: checking target system type
configure:2871: result: x86_64-unknown-linux-gnu
configure:2914: checking for a BSD-compatible install
configure:2982: result: /usr/bin/install -c
configure:2993: checking whether build environment is sane
configure:3048: result: yes
configure:3199: checking for a thread-safe mkdir -p
configure:3238: result: /usr/bin/mkdir -p
configure:3245: checking for gawk
configure:3261: found /usr/bin/gawk
configure:3272: result: gawk
configure:3283: checking whether make sets $(MAKE)
configure:3305: result: yes
configure:3334: checking whether make supports nested variables
configure:3351: result: yes
configure:3477: checking whether to enable maintainer-specific portions of Makefiles
configure:3486: result: yes
configure:3511: checking whether make supports nested variables
configure:3528: result: yes
configure:3637: checking for g++
configure:3653: found /usr/bin/g++
configure:3664: result: g++
configure:3691: checking for C++ compiler version
configure:3700: g++ --version >&5
g++ (GCC) 4.8.3 20140911 (Red Hat 4.8.3-7)
Copyright (C) 2013 Free Software Foundation, Inc.
This is free software; see the source for copying conditions.  There is NO
warranty; not even for MERCHANTABILITY or FITNESS FOR A PARTICULAR PURPOSE.

configure:3711: $? = 0
configure:3700: g++ -v >&5
Using built-in specs.
COLLECT_GCC=g++
COLLECT_LTO_WRAPPER=/usr/libexec/gcc/x86_64-redhat-linux/4.8.3/lto-wrapper
Target: x86_64-redhat-linux
Configured with: ../configure --prefix=/usr --mandir=/usr/share/man --infodir=/usr/share/info --with-bugurl=http://bugzilla.redhat.com/bugzilla --enable-bootstrap --enable-shared --enable-threads=posix --enable-checking=release --with-system-zlib --enable-__cxa_atexit --disable-libunwind-exceptions --enable-gnu-unique-object --enable-linker-build-id --with-linker-hash-style=gnu --enable-languages=c,c++,objc,obj-c++,java,fortran,ada,go,lto --enable-plugin --enable-initfini-array --enable-java-awt=gtk --disable-dssi --with-java-home=/usr/lib/jvm/java-1.5.0-gcj-1.5.0.0/jre --enable-libgcj-multifile --enable-java-maintainer-mode --with-ecj-jar=/usr/share/java/eclipse-ecj.jar --disable-libjava-multilib --with-isl=/builddir/build/BUILD/gcc-4.8.3-20140911/obj-x86_64-redhat-linux/isl-install --with-cloog=/builddir/build/BUILD/gcc-4.8.3-20140911/obj-x86_64-redhat-linux/cloog-install --with-tune=generic --with-arch_32=i686 --build=x86_64-redhat-linux
Thread model: posix
gcc version 4.8.3 20140911 (Red Hat 4.8.3-7) (GCC) 
configure:3711: $? = 0
configure:3700: g++ -V >&5
g++: error: unrecognized command line option '-V'
g++: fatal error: no input files
compilation terminated.
configure:3711: $? = 4
configure:3700: g++ -qversion >&5
g++: error: unrecognized command line option '-qversion'
g++: fatal error: no input files
compilation terminated.
configure:3711: $? = 4
configure:3731: checking whether the C++ compiler works
configure:3753: g++    conftest.cpp  >&5
configure:3757: $? = 0
configure:3805: result: yes
configure:3808: checking for C++ compiler default output file name
configure:3810: result: a.out
configure:3816: checking for suffix of executables
configure:3823: g++ -o conftest    conftest.cpp  >&5
configure:3827: $? = 0
configure:3849: result: 
configure:3871: checking whether we are cross compiling
configure:3879: g++ -o conftest    conftest.cpp  >&5
configure:3883: $? = 0
configure:3890: ./conftest
configure:3894: $? = 0
configure:3909: result: no
configure:3914: checking for suffix of object files
configure:3936: g++ -c   conftest.cpp >&5
configure:3940: $? = 0
configure:3961: result: o
configure:3965: checking whether we are using the GNU C++ compiler
configure:3984: g++ -c   conftest.cpp >&5
configure:3984: $? = 0
configure:3993: result: yes
configure:4002: checking whether g++ accepts -g
configure:4022: g++ -c -g  conftest.cpp >&5
configure:4022: $? = 0
configure:4063: result: yes
configure:4097: checking for style of include used by make
configure:4125: result: GNU
configure:4151: checking dependency style of g++
configure:4262: result: gcc3
configure:4325: checking for gcc
configure:4341: found /usr/bin/gcc
configure:4352: result: gcc
configure:4581: checking for C compiler version
configure:4590: gcc --version >&5
gcc (GCC) 4.8.3 20140911 (Red Hat 4.8.3-7)
Copyright (C) 2013 Free Software Foundation, Inc.
This is free software; see the source for copying conditions.  There is NO
warranty; not even for MERCHANTABILITY or FITNESS FOR A PARTICULAR PURPOSE.

configure:4601: $? = 0
configure:4590: gcc -v >&5
Using built-in specs.
COLLECT_GCC=gcc
COLLECT_LTO_WRAPPER=/usr/libexec/gcc/x86_64-redhat-linux/4.8.3/lto-wrapper
Target: x86_64-redhat-linux
Configured with: ../configure --prefix=/usr --mandir=/usr/share/man --infodir=/usr/share/info --with-bugurl=http://bugzilla.redhat.com/bugzilla --enable-bootstrap --enable-shared --enable-threads=posix --enable-checking=release --with-system-zlib --enable-__cxa_atexit --disable-libunwind-exceptions --enable-gnu-unique-object --enable-linker-build-id --with-linker-hash-style=gnu --enable-languages=c,c++,objc,obj-c++,java,fortran,ada,go,lto --enable-plugin --enable-initfini-array --enable-java-awt=gtk --disable-dssi --with-java-home=/usr/lib/jvm/java-1.5.0-gcj-1.5.0.0/jre --enable-libgcj-multifile --enable-java-maintainer-mode --with-ecj-jar=/usr/share/java/eclipse-ecj.jar --disable-libjava-multilib --with-isl=/builddir/build/BUILD/gcc-4.8.3-20140911/obj-x86_64-redhat-linux/isl-install --with-cloog=/builddir/build/BUILD/gcc-4.8.3-20140911/obj-x86_64-redhat-linux/cloog-install --with-tune=generic --with-arch_32=i686 --build=x86_64-redhat-linux
Thread model: posix
gcc version 4.8.3 20140911 (Red Hat 4.8.3-7) (GCC) 
configure:4601: $? = 0
configure:4590: gcc -V >&5
gcc: error: unrecognized command line option '-V'
gcc: fatal error: no input files
compilation terminated.
configure:4601: $? = 4
configure:4590: gcc -qversion >&5
gcc: error: unrecognized command line option '-qversion'
gcc: fatal error: no input files
compilation terminated.
configure:4601: $? = 4
configure:4605: checking whether we are using the GNU C compiler
configure:4624: gcc -c   conftest.c >&5
configure:4624: $? = 0
configure:4633: result: yes
configure:4642: checking whether gcc accepts -g
configure:4662: gcc -c -g  conftest.c >&5
configure:4662: $? = 0
configure:4703: result: yes
configure:4720: checking for gcc option to accept ISO C89
configure:4783: gcc  -c -g -O2  conftest.c >&5
configure:4783: $? = 0
configure:4796: result: none needed
configure:4821: checking whether gcc understands -c and -o together
configure:4843: gcc -c conftest.c -o conftest2.o
configure:4846: $? = 0
configure:4843: gcc -c conftest.c -o conftest2.o
configure:4846: $? = 0
configure:4858: result: yes
configure:4877: checking dependency style of gcc
configure:4988: result: gcc3
configure:5009: checking how to run the C preprocessor
configure:5040: gcc -E  conftest.c
configure:5040: $? = 0
configure:5054: gcc -E  conftest.c
conftest.c:11:28: fatal error: ac_nonexistent.h: No such file or directory
 #include <ac_nonexistent.h>
                            ^
compilation terminated.
configure:5054: $? = 1
configure: failed program was:
| /* confdefs.h */
| #define PACKAGE_NAME "nemiver"
| #define PACKAGE_TARNAME "nemiver"
| #define PACKAGE_VERSION "0.9.5"
| #define PACKAGE_STRING "nemiver 0.9.5"
| #define PACKAGE_BUGREPORT "http://bugzilla.gnome.org/enter_bug.cgi?product=nemiver"
| #define PACKAGE_URL "http://projects.gnome.org/nemiver"
| #define PACKAGE "nemiver"
| #define VERSION "0.9.5"
| /* end confdefs.h.  */
| #include <ac_nonexistent.h>
configure:5079: result: gcc -E
configure:5099: gcc -E  conftest.c
configure:5099: $? = 0
configure:5113: gcc -E  conftest.c
conftest.c:11:28: fatal error: ac_nonexistent.h: No such file or directory
 #include <ac_nonexistent.h>
                            ^
compilation terminated.
configure:5113: $? = 1
configure: failed program was:
| /* confdefs.h */
| #define PACKAGE_NAME "nemiver"
| #define PACKAGE_TARNAME "nemiver"
| #define PACKAGE_VERSION "0.9.5"
| #define PACKAGE_STRING "nemiver 0.9.5"
| #define PACKAGE_BUGREPORT "http://bugzilla.gnome.org/enter_bug.cgi?product=nemiver"
| #define PACKAGE_URL "http://projects.gnome.org/nemiver"
| #define PACKAGE "nemiver"
| #define VERSION "0.9.5"
| /* end confdefs.h.  */
| #include <ac_nonexistent.h>
configure:5142: checking for grep that handles long lines and -e
configure:5200: result: /usr/bin/grep
configure:5205: checking for egrep
configure:5267: result: /usr/bin/grep -E
configure:5272: checking for ANSI C header files
configure:5292: gcc -c -g -O2  conftest.c >&5
configure:5292: $? = 0
configure:5365: gcc -o conftest -g -O2   conftest.c  >&5
configure:5365: $? = 0
configure:5365: ./conftest
configure:5365: $? = 0
configure:5376: result: yes
configure:5389: checking for sys/types.h
configure:5389: gcc -c -g -O2  conftest.c >&5
configure:5389: $? = 0
configure:5389: result: yes
configure:5389: checking for sys/stat.h
configure:5389: gcc -c -g -O2  conftest.c >&5
configure:5389: $? = 0
configure:5389: result: yes
configure:5389: checking for stdlib.h
configure:5389: gcc -c -g -O2  conftest.c >&5
configure:5389: $? = 0
configure:5389: result: yes
configure:5389: checking for string.h
configure:5389: gcc -c -g -O2  conftest.c >&5
configure:5389: $? = 0
configure:5389: result: yes
configure:5389: checking for memory.h
configure:5389: gcc -c -g -O2  conftest.c >&5
configure:5389: $? = 0
configure:5389: result: yes
configure:5389: checking for strings.h
configure:5389: gcc -c -g -O2  conftest.c >&5
configure:5389: $? = 0
configure:5389: result: yes
configure:5389: checking for inttypes.h
configure:5389: gcc -c -g -O2  conftest.c >&5
configure:5389: $? = 0
configure:5389: result: yes
configure:5389: checking for stdint.h
configure:5389: gcc -c -g -O2  conftest.c >&5
configure:5389: $? = 0
configure:5389: result: yes
configure:5389: checking for unistd.h
configure:5389: gcc -c -g -O2  conftest.c >&5
configure:5389: $? = 0
configure:5389: result: yes
configure:5402: checking minix/config.h usability
configure:5402: gcc -c -g -O2  conftest.c >&5
conftest.c:54:26: fatal error: minix/config.h: No such file or directory
 #include <minix/config.h>
                          ^
compilation terminated.
configure:5402: $? = 1
configure: failed program was:
| /* confdefs.h */
| #define PACKAGE_NAME "nemiver"
| #define PACKAGE_TARNAME "nemiver"
| #define PACKAGE_VERSION "0.9.5"
| #define PACKAGE_STRING "nemiver 0.9.5"
| #define PACKAGE_BUGREPORT "http://bugzilla.gnome.org/enter_bug.cgi?product=nemiver"
| #define PACKAGE_URL "http://projects.gnome.org/nemiver"
| #define PACKAGE "nemiver"
| #define VERSION "0.9.5"
| #define STDC_HEADERS 1
| #define HAVE_SYS_TYPES_H 1
| #define HAVE_SYS_STAT_H 1
| #define HAVE_STDLIB_H 1
| #define HAVE_STRING_H 1
| #define HAVE_MEMORY_H 1
| #define HAVE_STRINGS_H 1
| #define HAVE_INTTYPES_H 1
| #define HAVE_STDINT_H 1
| #define HAVE_UNISTD_H 1
| /* end confdefs.h.  */
| #include <stdio.h>
| #ifdef HAVE_SYS_TYPES_H
| # include <sys/types.h>
| #endif
| #ifdef HAVE_SYS_STAT_H
| # include <sys/stat.h>
| #endif
| #ifdef STDC_HEADERS
| # include <stdlib.h>
| # include <stddef.h>
| #else
| # ifdef HAVE_STDLIB_H
| #  include <stdlib.h>
| # endif
| #endif
| #ifdef HAVE_STRING_H
| # if !defined STDC_HEADERS && defined HAVE_MEMORY_H
| #  include <memory.h>
| # endif
| # include <string.h>
| #endif
| #ifdef HAVE_STRINGS_H
| # include <strings.h>
| #endif
| #ifdef HAVE_INTTYPES_H
| # include <inttypes.h>
| #endif
| #ifdef HAVE_STDINT_H
| # include <stdint.h>
| #endif
| #ifdef HAVE_UNISTD_H
| # include <unistd.h>
| #endif
| #include <minix/config.h>
configure:5402: result: no
configure:5402: checking minix/config.h presence
configure:5402: gcc -E  conftest.c
conftest.c:21:26: fatal error: minix/config.h: No such file or directory
 #include <minix/config.h>
                          ^
compilation terminated.
configure:5402: $? = 1
configure: failed program was:
| /* confdefs.h */
| #define PACKAGE_NAME "nemiver"
| #define PACKAGE_TARNAME "nemiver"
| #define PACKAGE_VERSION "0.9.5"
| #define PACKAGE_STRING "nemiver 0.9.5"
| #define PACKAGE_BUGREPORT "http://bugzilla.gnome.org/enter_bug.cgi?product=nemiver"
| #define PACKAGE_URL "http://projects.gnome.org/nemiver"
| #define PACKAGE "nemiver"
| #define VERSION "0.9.5"
| #define STDC_HEADERS 1
| #define HAVE_SYS_TYPES_H 1
| #define HAVE_SYS_STAT_H 1
| #define HAVE_STDLIB_H 1
| #define HAVE_STRING_H 1
| #define HAVE_MEMORY_H 1
| #define HAVE_STRINGS_H 1
| #define HAVE_INTTYPES_H 1
| #define HAVE_STDINT_H 1
| #define HAVE_UNISTD_H 1
| /* end confdefs.h.  */
| #include <minix/config.h>
configure:5402: result: no
configure:5402: checking for minix/config.h
configure:5402: result: no
configure:5423: checking whether it is safe to define __EXTENSIONS__
configure:5441: gcc -c -g -O2  conftest.c >&5
configure:5441: $? = 0
configure:5448: result: yes
configure:5513: checking how to print strings
configure:5540: result: printf
configure:5561: checking for a sed that does not truncate output
configure:5625: result: /usr/bin/sed
configure:5643: checking for fgrep
configure:5705: result: /usr/bin/grep -F
configure:5740: checking for ld used by gcc
configure:5807: result: /usr/bin/ld
configure:5814: checking if the linker (/usr/bin/ld) is GNU ld
configure:5829: result: yes
configure:5841: checking for BSD- or MS-compatible name lister (nm)
configure:5890: result: /usr/bin/nm -B
configure:6020: checking the name lister (/usr/bin/nm -B) interface
configure:6027: gcc -c -g -O2  conftest.c >&5
configure:6030: /usr/bin/nm -B "conftest.o"
configure:6033: output
0000000000000000 B some_variable
configure:6040: result: BSD nm
configure:6043: checking whether ln -s works
configure:6047: result: yes
configure:6055: checking the maximum length of command line arguments
configure:6185: result: 1572864
configure:6202: checking whether the shell understands some XSI constructs
configure:6212: result: yes
configure:6216: checking whether the shell understands "+="
configure:6222: result: yes
configure:6257: checking how to convert x86_64-unknown-linux-gnu file names to x86_64-unknown-linux-gnu format
configure:6297: result: func_convert_file_noop
configure:6304: checking how to convert x86_64-unknown-linux-gnu file names to toolchain format
configure:6324: result: func_convert_file_noop
configure:6331: checking for /usr/bin/ld option to reload object files
configure:6338: result: -r
configure:6412: checking for objdump
configure:6428: found /usr/bin/objdump
configure:6439: result: objdump
configure:6471: checking how to recognize dependent libraries
configure:6673: result: pass_all
configure:6758: checking for dlltool
configure:6788: result: no
configure:6818: checking how to associate runtime and link libraries
configure:6845: result: printf %s\n
configure:6905: checking for ar
configure:6921: found /usr/bin/ar
configure:6932: result: ar
configure:6969: checking for archiver @FILE support
configure:6986: gcc -c -g -O2  conftest.c >&5
configure:6986: $? = 0
configure:6989: ar cru libconftest.a @conftest.lst >&5
configure:6992: $? = 0
configure:6997: ar cru libconftest.a @conftest.lst >&5
ar: conftest.o: No such file or directory
configure:7000: $? = 1
configure:7012: result: @
configure:7070: checking for strip
configure:7086: found /usr/bin/strip
configure:7097: result: strip
configure:7169: checking for ranlib
configure:7185: found /usr/bin/ranlib
configure:7196: result: ranlib
configure:7298: checking command to parse /usr/bin/nm -B output from gcc object
configure:7418: gcc -c -g -O2  conftest.c >&5
configure:7421: $? = 0
configure:7425: /usr/bin/nm -B conftest.o \| sed -n -e 's/^.*[ ]\([ABCDGIRSTW][ABCDGIRSTW]*\)[ ][ ]*\([_A-Za-z][_A-Za-z0-9]*\)$/\1 \2 \2/p' | sed '/ __gnu_lto/d' \> conftest.nm
configure:7428: $? = 0
configure:7494: gcc -o conftest -g -O2   conftest.c conftstm.o >&5
configure:7497: $? = 0
configure:7535: result: ok
configure:7572: checking for sysroot
configure:7602: result: no
configure:7679: gcc -c -g -O2  conftest.c >&5
configure:7682: $? = 0
configure:7864: checking for mt
configure:7894: result: no
configure:7914: checking if : is a manifest tool
configure:7920: : '-?'
configure:7928: result: no
configure:8567: checking for dlfcn.h
configure:8567: gcc -c -g -O2  conftest.c >&5
configure:8567: $? = 0
configure:8567: result: yes
configure:8784: checking for objdir
configure:8799: result: .libs
configure:9070: checking if gcc supports -fno-rtti -fno-exceptions
configure:9088: gcc -c -g -O2  -fno-rtti -fno-exceptions conftest.c >&5
cc1: warning: command line option '-fno-rtti' is valid for C++/ObjC++ but not for C [enabled by default]
configure:9092: $? = 0
configure:9105: result: no
configure:9432: checking for gcc option to produce PIC
configure:9439: result: -fPIC -DPIC
configure:9447: checking if gcc PIC flag -fPIC -DPIC works
configure:9465: gcc -c -g -O2  -fPIC -DPIC -DPIC conftest.c >&5
configure:9469: $? = 0
configure:9482: result: yes
configure:9511: checking if gcc static flag -static works
configure:9539: result: no
configure:9554: checking if gcc supports -c -o file.o
configure:9575: gcc -c -g -O2  -o out/conftest2.o conftest.c >&5
configure:9579: $? = 0
configure:9601: result: yes
configure:9609: checking if gcc supports -c -o file.o
configure:9656: result: yes
configure:9689: checking whether the gcc linker (/usr/bin/ld -m elf_x86_64) supports shared libraries
configure:10842: result: yes
configure:10879: checking whether -lc should be explicitly linked in
configure:10887: gcc -c -g -O2  conftest.c >&5
configure:10890: $? = 0
configure:10905: gcc -shared  -fPIC -DPIC conftest.o  -v -Wl,-soname -Wl,conftest -o conftest 2\>\&1 \| /usr/bin/grep  -lc  \>/dev/null 2\>\&1
configure:10908: $? = 0
configure:10922: result: no
configure:11082: checking dynamic linker characteristics
configure:11593: gcc -o conftest -g -O2   -Wl,-rpath -Wl,/foo conftest.c  >&5
configure:11593: $? = 0
configure:11819: result: GNU/Linux ld.so
configure:11926: checking how to hardcode library paths into programs
configure:11951: result: immediate
configure:12491: checking whether stripping libraries is possible
configure:12496: result: yes
configure:12531: checking if libtool supports shared libraries
configure:12533: result: yes
configure:12536: checking whether to build shared libraries
configure:12557: result: yes
configure:12560: checking whether to build static libraries
configure:12564: result: yes
configure:12587: checking how to run the C++ preprocessor
configure:12614: g++ -E  conftest.cpp
configure:12614: $? = 0
configure:12628: g++ -E  conftest.cpp
conftest.cpp:28:28: fatal error: ac_nonexistent.h: No such file or directory
 #include <ac_nonexistent.h>
                            ^
compilation terminated.
configure:12628: $? = 1
configure: failed program was:
| /* confdefs.h */
| #define PACKAGE_NAME "nemiver"
| #define PACKAGE_TARNAME "nemiver"
| #define PACKAGE_VERSION "0.9.5"
| #define PACKAGE_STRING "nemiver 0.9.5"
| #define PACKAGE_BUGREPORT "http://bugzilla.gnome.org/enter_bug.cgi?product=nemiver"
| #define PACKAGE_URL "http://projects.gnome.org/nemiver"
| #define PACKAGE "nemiver"
| #define VERSION "0.9.5"
| #define STDC_HEADERS 1
| #define HAVE_SYS_TYPES_H 1
| #define HAVE_SYS_STAT_H 1
| #define HAVE_STDLIB_H 1
| #define HAVE_STRING_H 1
| #define HAVE_MEMORY_H 1
| #define HAVE_STRINGS_H 1
| #define HAVE_INTTYPES_H 1
| #define HAVE_STDINT_H 1
| #define HAVE_UNISTD_H 1
| #define __EXTENSIONS__ 1
| #define _ALL_SOURCE 1
| #define _GNU_SOURCE 1
| #define _POSIX_PTHREAD_SEMANTICS 1
| #define _TANDEM_SOURCE 1
| #define HAVE_DLFCN_H 1
| #define LT_OBJDIR ".libs/"
| /* end confdefs.h.  */
| #include <ac_nonexistent.h>
configure:12653: result: g++ -E
configure:12673: g++ -E  conftest.cpp
configure:12673: $? = 0
configure:12687: g++ -E  conftest.cpp
conftest.cpp:28:28: fatal error: ac_nonexistent.h: No such file or directory
 #include <ac_nonexistent.h>
                            ^
compilation terminated.
configure:12687: $? = 1
configure: failed program was:
| /* confdefs.h */
| #define PACKAGE_NAME "nemiver"
| #define PACKAGE_TARNAME "nemiver"
| #define PACKAGE_VERSION "0.9.5"
| #define PACKAGE_STRING "nemiver 0.9.5"
| #define PACKAGE_BUGREPORT "http://bugzilla.gnome.org/enter_bug.cgi?product=nemiver"
| #define PACKAGE_URL "http://projects.gnome.org/nemiver"
| #define PACKAGE "nemiver"
| #define VERSION "0.9.5"
| #define STDC_HEADERS 1
| #define HAVE_SYS_TYPES_H 1
| #define HAVE_SYS_STAT_H 1
| #define HAVE_STDLIB_H 1
| #define HAVE_STRING_H 1
| #define HAVE_MEMORY_H 1
| #define HAVE_STRINGS_H 1
| #define HAVE_INTTYPES_H 1
| #define HAVE_STDINT_H 1
| #define HAVE_UNISTD_H 1
| #define __EXTENSIONS__ 1
| #define _ALL_SOURCE 1
| #define _GNU_SOURCE 1
| #define _POSIX_PTHREAD_SEMANTICS 1
| #define _TANDEM_SOURCE 1
| #define HAVE_DLFCN_H 1
| #define LT_OBJDIR ".libs/"
| /* end confdefs.h.  */
| #include <ac_nonexistent.h>
configure:12856: checking for ld used by g++
configure:12923: result: /usr/bin/ld -m elf_x86_64
configure:12930: checking if the linker (/usr/bin/ld -m elf_x86_64) is GNU ld
configure:12945: result: yes
configure:13000: checking whether the g++ linker (/usr/bin/ld -m elf_x86_64) supports shared libraries
configure:14005: result: yes
configure:14041: g++ -c -g -O2  conftest.cpp >&5
configure:14044: $? = 0
configure:14564: checking for g++ option to produce PIC
configure:14571: result: -fPIC -DPIC
configure:14579: checking if g++ PIC flag -fPIC -DPIC works
configure:14597: g++ -c -g -O2  -fPIC -DPIC -DPIC conftest.cpp >&5
configure:14601: $? = 0
configure:14614: result: yes
configure:14637: checking if g++ static flag -static works
configure:14665: result: no
configure:14677: checking if g++ supports -c -o file.o
configure:14698: g++ -c -g -O2  -o out/conftest2.o conftest.cpp >&5
configure:14702: $? = 0
configure:14724: result: yes
configure:14729: checking if g++ supports -c -o file.o
configure:14776: result: yes
configure:14806: checking whether the g++ linker (/usr/bin/ld -m elf_x86_64) supports shared libraries
configure:14842: result: yes
configure:14983: checking dynamic linker characteristics
configure:15654: result: GNU/Linux ld.so
configure:15707: checking how to hardcode library paths into programs
configure:15732: result: immediate
configure:15812: checking for gdb
configure:15830: found /usr/bin/gdb
configure:15842: result: /usr/bin/gdb
configure:15862: checking whether NLS is requested
configure:15871: result: yes
configure:15889: checking for intltool >= 0.40.0
configure:15891: result: 0.50.2 found
configure:15899: checking for intltool-update
configure:15917: found /usr/bin/intltool-update
configure:15929: result: /usr/bin/intltool-update
configure:15939: checking for intltool-merge
configure:15957: found /usr/bin/intltool-merge
configure:15969: result: /usr/bin/intltool-merge
configure:15979: checking for intltool-extract
configure:15997: found /usr/bin/intltool-extract
configure:16009: result: /usr/bin/intltool-extract
configure:16163: checking for xgettext
configure:16181: found /usr/bin/xgettext
configure:16193: result: /usr/bin/xgettext
configure:16203: checking for msgmerge
configure:16221: found /usr/bin/msgmerge
configure:16233: result: /usr/bin/msgmerge
configure:16243: checking for msgfmt
configure:16261: found /usr/bin/msgfmt
configure:16273: result: /usr/bin/msgfmt
configure:16283: checking for gmsgfmt
configure:16314: result: /usr/bin/msgfmt
configure:16334: checking for perl
configure:16352: found /usr/bin/perl
configure:16364: result: /usr/bin/perl
configure:16375: checking for perl >= 5.8.1
configure:16382: result: 5.18.4
configure:16386: checking for XML::Parser
configure:16389: result: ok
configure:16414: g++ -o conftest -g -O2   conftest.cpp  >&5
configure:16414: $? = 0
configure:16453: checking locale.h usability
configure:16453: g++ -c -g -O2  conftest.cpp >&5
configure:16453: $? = 0
configure:16453: result: yes
configure:16453: checking locale.h presence
configure:16453: g++ -E  conftest.cpp
configure:16453: $? = 0
configure:16453: result: yes
configure:16453: checking for locale.h
configure:16453: result: yes
configure:16464: checking for LC_MESSAGES
configure:16480: g++ -o conftest -g -O2   conftest.cpp  >&5
configure:16480: $? = 0
configure:16488: result: yes
configure:16505: checking libintl.h usability
configure:16505: g++ -c -g -O2  conftest.cpp >&5
configure:16505: $? = 0
configure:16505: result: yes
configure:16505: checking libintl.h presence
configure:16505: g++ -E  conftest.cpp
configure:16505: $? = 0
configure:16505: result: yes
configure:16505: checking for libintl.h
configure:16505: result: yes
configure:16513: checking for ngettext in libc
configure:16531: g++ -o conftest -g -O2   conftest.cpp  >&5
configure:16531: $? = 0
configure:16540: result: yes
configure:16544: checking for dgettext in libc
configure:16562: g++ -o conftest -g -O2   conftest.cpp  >&5
configure:16562: $? = 0
configure:16571: result: yes
configure:16578: checking for bind_textdomain_codeset
configure:16578: g++ -o conftest -g -O2   conftest.cpp  >&5
configure:16578: $? = 0
configure:16578: result: yes
configure:16854: checking for msgfmt
configure:16881: result: /usr/bin/msgfmt
configure:16892: checking for dcgettext
configure:16892: g++ -o conftest -g -O2   conftest.cpp   >&5
configure:16892: $? = 0
configure:16892: result: yes
configure:16902: checking if msgfmt accepts -c
configure:16917: $MSGFMT -c -o /dev/null conftest.foo
conftest.foo:3: warning: header field 'Language' missing in header
configure:16920: $? = 0
configure:16922: result: yes
configure:16932: checking for gmsgfmt
configure:16963: result: /usr/bin/msgfmt
configure:16973: checking for xgettext
configure:17000: result: /usr/bin/xgettext
configure:17019: g++ -o conftest -g -O2   conftest.cpp   >&5
configure:17019: $? = 0
configure:17193: checking for itstool
configure:17209: found /usr/bin/itstool
configure:17220: result: itstool
configure:17235: checking for xmllint
configure:17251: found /usr/bin/xmllint
configure:17262: result: xmllint
configure:17488: disabled support of automated tests
configure:17583: checking for pkg-config
configure:17601: found /usr/bin/pkg-config
configure:17613: result: /usr/bin/pkg-config
configure:17638: checking pkg-config is at least version 0.9.0
configure:17641: result: yes
configure:17654: $PKG_CONFIG --exists --print-errors "gtkhex-3 >= $GTKHEX_VERSION"
configure:17657: $? = 0
configure:17687: $PKG_CONFIG --exists --print-errors "gdlmm-3.0 >= $LIBGDLMM_VERSION"
configure:17690: $? = 0
configure:17749: checking for dconf
configure:17765: found /usr/bin/dconf
configure:17777: result: yes
configure:17786: $PKG_CONFIG --exists --print-errors "giomm-2.4 >= $LIBGIOMM_WITH_GSETTINGS_VERSION gsettings-desktop-schemas >= $GSETTINGS_DESKTOP_SCHEMAS"
Package gsettings-desktop-schemas was not found in the pkg-config search path.
Perhaps you should add the directory containing `gsettings-desktop-schemas.pc'
to the PKG_CONFIG_PATH environment variable
No package 'gsettings-desktop-schemas' found
configure:17789: $? = 1
configure:17828: checking boost/variant.hpp usability
configure:17828: g++ -c -g -O2  conftest.cpp >&5
configure:17828: $? = 0
configure:17828: result: yes
configure:17828: checking boost/variant.hpp presence
configure:17828: g++ -E  conftest.cpp
configure:17828: $? = 0
configure:17828: result: yes
configure:17828: checking for boost/variant.hpp
configure:17828: result: yes
configure:17844: checking for SQLITE3
configure:17851: $PKG_CONFIG --exists --print-errors "sqlite3 >= $SQLITE3_VERSION"
configure:17854: $? = 0
configure:17868: $PKG_CONFIG --exists --print-errors "sqlite3 >= $SQLITE3_VERSION"
configure:17871: $? = 0
configure:17929: result: yes
configure:17935: $PKG_CONFIG --exists --print-errors "glib-2.0 >= 2.31.0 glibmm-2.4 <= 2.30.0"
Requested 'glibmm-2.4 <= 2.30.0' but version of glibmm is 2.38.2
You may find new versions of glibmm at http://www.gtkmm.org/
configure:17938: $? = 1
configure:18908: checking for GCONF
configure:18915: $PKG_CONFIG --exists --print-errors "gconf-2.0 >= $GCONF_VERSION"
configure:18918: $? = 0
configure:18932: $PKG_CONFIG --exists --print-errors "gconf-2.0 >= $GCONF_VERSION"
configure:18935: $? = 0
configure:18993: result: yes
configure:19000: checking for gconftool-2
configure:19018: found /usr/bin/gconftool-2
configure:19030: result: /usr/bin/gconftool-2
configure:19055: result: Using config source xml:merged:/etc/gconf/gconf.xml.defaults for schema installation
configure:19070: result: Using $(sysconfdir)/gconf/schemas as install directory for schema files
configure:19104: checking for NEMIVERCOMMON
configure:19111: $PKG_CONFIG --exists --print-errors "$DEP_COMMON"
configure:19114: $? = 0
configure:19128: $PKG_CONFIG --exists --print-errors "$DEP_COMMON"
configure:19131: $? = 0
configure:19189: result: yes
configure:19206: checking for NEMIVERUICOMMON
configure:19213: $PKG_CONFIG --exists --print-errors "$DEP_UICOMMON $DEP_COMMON $DEP_MEMORYVIEW"
configure:19216: $? = 0
configure:19230: $PKG_CONFIG --exists --print-errors "$DEP_UICOMMON $DEP_COMMON $DEP_MEMORYVIEW"
configure:19233: $? = 0
configure:19291: result: yes
configure:19306: checking for NEMIVERWORKBENCH
configure:19313: $PKG_CONFIG --exists --print-errors "$DEP_COMMON $DEP_VFS $DEP_WORKBENCH"
configure:19316: $? = 0
configure:19330: $PKG_CONFIG --exists --print-errors "$DEP_COMMON $DEP_VFS $DEP_WORKBENCH"
configure:19333: $? = 0
configure:19391: result: yes
configure:19406: checking for NEMIVERDBGPERSP
configure:19413: $PKG_CONFIG --exists --print-errors "$DEP_UICOMMON $DEP_VFS $DEP_PERSP $DEP_MEMORYVIEW $DEP_DYNAMICLAYOUT"
configure:19416: $? = 0
configure:19430: $PKG_CONFIG --exists --print-errors "$DEP_UICOMMON $DEP_VFS $DEP_PERSP $DEP_MEMORYVIEW $DEP_DYNAMICLAYOUT"
configure:19433: $? = 0
configure:19491: result: yes
configure:19577: checking whether make sets $(MAKE)
configure:19599: result: yes
configure:19721: checking that generated files are newer than configure
configure:19727: result: done
configure:19794: creating ./config.status

## ---------------------- ##
## Running config.status. ##
## ---------------------- ##

This file was extended by nemiver config.status 0.9.5, which was
generated by GNU Autoconf 2.69.  Invocation command line was

  CONFIG_FILES    = 
  CONFIG_HEADERS  = 
  CONFIG_LINKS    = 
  CONFIG_COMMANDS = 
  $ ./config.status 

on localhost.localdomain

config.status:1579: creating Makefile
config.status:1579: creating docs/Makefile
config.status:1579: creating docs/Doxyfile
config.status:1579: creating src/Makefile
config.status:1579: creating src/common/Makefile
config.status:1579: creating src/common/libnemivercommon.pc
config.status:1579: creating src/dbdimpl/Makefile
config.status:1579: creating src/dbdimpl/sqlite/Makefile
config.status:1579: creating src/dbdimpl/sqlite/org.nemiver.db.sqlitedriver.conf
config.status:1579: creating src/langs/Makefile
config.status:1579: creating src/dbgengine/Makefile
config.status:1579: creating src/dbgengine/gdbengine.conf
config.status:1579: creating src/dbgengine/cpptrait.conf
config.status:1579: creating src/dbgengine/varlist.conf
config.status:1579: creating src/dbgengine/varwalker.conf
config.status:1579: creating src/dbgengine/varobjwalker.conf
config.status:1579: creating src/dbgengine/varlistwalker.conf
config.status:1579: creating src/confmgr/Makefile
config.status:1579: creating src/confmgr/gconfmgr.conf
config.status:1579: creating src/confmgr/gsettingsmgr.conf
config.status:1579: creating src/uicommon/Makefile
config.status:1579: creating src/workbench/Makefile
config.status:1579: creating src/workbench/workbench.conf
config.status:1579: creating src/persp/Makefile
config.status:1579: creating src/persp/dbgperspective/Makefile
config.status:1579: creating src/persp/dbgperspective/dbgperspective.conf
config.status:1579: creating src/persp/dbgperspective/ui/Makefile
config.status:1579: creating src/persp/dbgperspective/menus/Makefile
config.status:1579: creating src/persp/dbgperspective/icons/Makefile
config.status:1579: creating src/persp/dbgperspective/sqlscripts/Makefile
config.status:1579: creating src/persp/dbgperspective/sqlscripts/sqlite/Makefile
config.status:1579: creating data/Makefile
config.status:1579: creating data/icons/Makefile
config.status:1579: creating data/icons/hicolor/Makefile
config.status:1579: creating data/icons/hicolor/16x16/Makefile
config.status:1579: creating data/icons/hicolor/22x22/Makefile
config.status:1579: creating data/icons/hicolor/24x24/Makefile
config.status:1579: creating data/icons/hicolor/32x32/Makefile
config.status:1579: creating data/icons/hicolor/48x48/Makefile
config.status:1579: creating data/icons/hicolor/scalable/Makefile
config.status:1579: creating data/icons/HighContrast/Makefile
config.status:1579: creating data/icons/HighContrast/16x16/Makefile
config.status:1579: creating data/icons/HighContrast/22x22/Makefile
config.status:1579: creating data/icons/HighContrast/24x24/Makefile
config.status:1579: creating data/icons/HighContrast/32x32/Makefile
config.status:1579: creating data/icons/HighContrast/48x48/Makefile
config.status:1579: creating data/schemas/Makefile
config.status:1579: creating data/schemas/gconf/Makefile
config.status:1579: creating data/schemas/gsettings/Makefile
config.status:1579: creating ui/Makefile
config.status:1579: creating menus/Makefile
config.status:1579: creating tests/Makefile
config.status:1579: creating po/Makefile.in
config.status:1579: creating help/Makefile
config.status:1579: creating config.h
config.status:1808: executing depfiles commands
config.status:1808: executing libtool commands
config.status:1808: executing default-1 commands
config.status:1808: executing po/stamp-it commands
configure:22399:
=================================================================
         Nemiver: ..
=================================================================
        Here is the configuration of the package:

    Prefix                             : /usr/local
    Source code location               : .
    C Compiler                         : gcc
    C++ Compiler		       : g++

    NEMIVER_DEVEL env var              : 
    NEMIVER_ALLOW_WARNINGS env var     : 
    CFLAGS                             : -g -O2 
    CXXFLAGS                           : -g -O2  -fuse-cxa-atexit
    NEMIVER_LIBS                       : -lgtksourceviewmm-3.0 -lgtkmm-3.0 -latkmm-1.6 -lgdkmm-3.0 -lgiomm-2.4 -lpangomm-1.4 -lcairomm-1.0 -lgtksourceview-3.0 -lvte2_90 -lgio-2.0 -lX11 -lXext -Wl,--export-dynamic -lgmodule-2.0 -pthread -lgthread-2.0 -pthread -lxml2 -lgtop-2.0 -lglibmm-2.4 -lsigc-2.0 -lgtkhex-3 -lgtk-3 -lgdk-3 -lpangocairo-1.0 -lpango-1.0 -latk-1.0 -lcairo-gobject -lcairo -lgdk_pixbuf-2.0 -lgio-2.0 -lgobject-2.0 -lglib-2.0  
    NEMIVER_CFLAGS                     : -DVTE_SEAL_ENABLE -pthread -I/usr/include/gtksourceviewmm-3.0 -I/usr/lib64/gtksourceviewmm-3.0/include -I/usr/include/gtkmm-3.0 -I/usr/lib64/gtkmm-3.0/include -I/usr/include/atkmm-1.6 -I/usr/include/gtk-3.0/unix-print -I/usr/include/gdkmm-3.0 -I/usr/lib64/gdkmm-3.0/include -I/usr/include/giomm-2.4 -I/usr/lib64/giomm-2.4/include -I/usr/include/pangomm-1.4 -I/usr/lib64/pangomm-1.4/include -I/usr/include/cairomm-1.0 -I/usr/lib64/cairomm-1.0/include -I/usr/include/gtksourceview-3.0 -I/usr/include/vte-2.90 -I/usr/include/libxml2 -I/usr/include/libgtop-2.0 -I/usr/include/glibmm-2.4 -I/usr/lib64/glibmm-2.4/include -I/usr/include/sigc++-2.0 -I/usr/lib64/sigc++-2.0/include -I/usr/include/gtkhex-3 -I/usr/include/gail-3.0 -I/usr/include/gtk-3.0 -I/usr/include/at-spi2-atk/2.0 -I/usr/include/gtk-3.0 -I/usr/include/gio-unix-2.0/ -I/usr/include/cairo -I/usr/include/pango-1.0 -I/usr/include/harfbuzz -I/usr/include/pango-1.0 -I/usr/include/atk-1.0 -I/usr/include/cairo -I/usr/include/pixman-1 -I/usr/include/freetype2 -I/usr/include/libdrm -I/usr/include/libpng16 -I/usr/include/gdk-pixbuf-2.0 -I/usr/include/libpng16 -I/usr/include/glib-2.0 -I/usr/lib64/glib-2.0/include  
    GLIBMM_USES_DEPRECATED_GLIB_FUNCS  : no

 OPTIONAL FEATURES:
    Enable autotests                : no
    Enable verbose debug messages   : yes
    Enable workbench                : yes
    Enable memory view              : yes (requires gtkhex > 2.90)
    Enable dynamic layout           : yes (requires gdlmm > 3.0)
    Configuration Manager           : gconf
    Enable symbols visibility ctrl  : no
    Maintainer mode                 : 

Now, Type 'make' to compile Nemiver
Once done, type 'make install' with sufficient privileges to install it to /usr/local

I hope you will enjoy it.

        --Dodji


## ---------------- ##
## Cache variables. ##
## ---------------- ##

ac_cv_build=x86_64-unknown-linux-gnu
ac_cv_c_compiler_gnu=yes
ac_cv_cxx_compiler_gnu=yes
ac_cv_env_CCC_set=
ac_cv_env_CCC_value=
ac_cv_env_CC_set=
ac_cv_env_CC_value=
ac_cv_env_CFLAGS_set=
ac_cv_env_CFLAGS_value=
ac_cv_env_CPPFLAGS_set=
ac_cv_env_CPPFLAGS_value=
ac_cv_env_CPP_set=
ac_cv_env_CPP_value=
ac_cv_env_CXXCPP_set=
ac_cv_env_CXXCPP_value=
ac_cv_env_CXXFLAGS_set=
ac_cv_env_CXXFLAGS_value=
ac_cv_env_CXX_set=
ac_cv_env_CXX_value=
ac_cv_env_GCONF_CFLAGS_set=
ac_cv_env_GCONF_CFLAGS_value=
ac_cv_env_GCONF_LIBS_set=
ac_cv_env_GCONF_LIBS_value=
ac_cv_env_ITSTOOL_set=
ac_cv_env_ITSTOOL_value=
ac_cv_env_LDFLAGS_set=
ac_cv_env_LDFLAGS_value=
ac_cv_env_LIBS_set=
ac_cv_env_LIBS_value=
ac_cv_env_NEMIVERCOMMON_CFLAGS_set=
ac_cv_env_NEMIVERCOMMON_CFLAGS_value=
ac_cv_env_NEMIVERCOMMON_LIBS_set=
ac_cv_env_NEMIVERCOMMON_LIBS_value=
ac_cv_env_NEMIVERDBGPERSP_CFLAGS_set=
ac_cv_env_NEMIVERDBGPERSP_CFLAGS_value=
ac_cv_env_NEMIVERDBGPERSP_LIBS_set=
ac_cv_env_NEMIVERDBGPERSP_LIBS_value=
ac_cv_env_NEMIVERGSETTINGS_CFLAGS_set=
ac_cv_env_NEMIVERGSETTINGS_CFLAGS_value=
ac_cv_env_NEMIVERGSETTINGS_LIBS_set=
ac_cv_env_NEMIVERGSETTINGS_LIBS_value=
ac_cv_env_NEMIVERUICOMMON_CFLAGS_set=
ac_cv_env_NEMIVERUICOMMON_CFLAGS_value=
ac_cv_env_NEMIVERUICOMMON_LIBS_set=
ac_cv_env_NEMIVERUICOMMON_LIBS_value=
ac_cv_env_NEMIVERWORKBENCH_CFLAGS_set=
ac_cv_env_NEMIVERWORKBENCH_CFLAGS_value=
ac_cv_env_NEMIVERWORKBENCH_LIBS_set=
ac_cv_env_NEMIVERWORKBENCH_LIBS_value=
ac_cv_env_PKG_CONFIG_LIBDIR_set=
ac_cv_env_PKG_CONFIG_LIBDIR_value=
ac_cv_env_PKG_CONFIG_PATH_set=
ac_cv_env_PKG_CONFIG_PATH_value=
ac_cv_env_PKG_CONFIG_set=
ac_cv_env_PKG_CONFIG_value=
ac_cv_env_SQLITE3_CFLAGS_set=
ac_cv_env_SQLITE3_CFLAGS_value=
ac_cv_env_SQLITE3_LIBS_set=
ac_cv_env_SQLITE3_LIBS_value=
ac_cv_env_XMLLINT_set=
ac_cv_env_XMLLINT_value=
ac_cv_env_build_alias_set=
ac_cv_env_build_alias_value=
ac_cv_env_host_alias_set=
ac_cv_env_host_alias_value=
ac_cv_env_target_alias_set=
ac_cv_env_target_alias_value=
ac_cv_func_bind_textdomain_codeset=yes
ac_cv_func_dcgettext=yes
ac_cv_header_boost_variant_hpp=yes
ac_cv_header_dlfcn_h=yes
ac_cv_header_inttypes_h=yes
ac_cv_header_libintl_h=yes
ac_cv_header_locale_h=yes
ac_cv_header_memory_h=yes
ac_cv_header_minix_config_h=no
ac_cv_header_stdc=yes
ac_cv_header_stdint_h=yes
ac_cv_header_stdlib_h=yes
ac_cv_header_string_h=yes
ac_cv_header_strings_h=yes
ac_cv_header_sys_stat_h=yes
ac_cv_header_sys_types_h=yes
ac_cv_header_unistd_h=yes
ac_cv_host=x86_64-unknown-linux-gnu
ac_cv_objext=o
ac_cv_path_EGREP='/usr/bin/grep -E'
ac_cv_path_FGREP='/usr/bin/grep -F'
ac_cv_path_GCONFTOOL=/usr/bin/gconftool-2
ac_cv_path_GDB_PROG=/usr/bin/gdb
ac_cv_path_GMSGFMT=/usr/bin/msgfmt
ac_cv_path_GREP=/usr/bin/grep
ac_cv_path_INTLTOOL_EXTRACT=/usr/bin/intltool-extract
ac_cv_path_INTLTOOL_MERGE=/usr/bin/intltool-merge
ac_cv_path_INTLTOOL_PERL=/usr/bin/perl
ac_cv_path_INTLTOOL_UPDATE=/usr/bin/intltool-update
ac_cv_path_MSGFMT=/usr/bin/msgfmt
ac_cv_path_MSGMERGE=/usr/bin/msgmerge
ac_cv_path_SED=/usr/bin/sed
ac_cv_path_XGETTEXT=/usr/bin/xgettext
ac_cv_path_ac_pt_PKG_CONFIG=/usr/bin/pkg-config
ac_cv_path_install='/usr/bin/install -c'
ac_cv_path_mkdir=/usr/bin/mkdir
ac_cv_prog_AWK=gawk
ac_cv_prog_CPP='gcc -E'
ac_cv_prog_CXXCPP='g++ -E'
ac_cv_prog_HAS_DCONF=yes
ac_cv_prog_ITSTOOL=itstool
ac_cv_prog_XMLLINT=xmllint
ac_cv_prog_ac_ct_AR=ar
ac_cv_prog_ac_ct_CC=gcc
ac_cv_prog_ac_ct_CXX=g++
ac_cv_prog_ac_ct_OBJDUMP=objdump
ac_cv_prog_ac_ct_RANLIB=ranlib
ac_cv_prog_ac_ct_STRIP=strip
ac_cv_prog_cc_c89=
ac_cv_prog_cc_g=yes
ac_cv_prog_cxx_g=yes
ac_cv_prog_make_make_set=yes
ac_cv_safe_to_define___extensions__=yes
ac_cv_target=x86_64-unknown-linux-gnu
am_cv_CC_dependencies_compiler_type=gcc3
am_cv_CXX_dependencies_compiler_type=gcc3
am_cv_make_support_nested_variables=yes
am_cv_prog_cc_c_o=yes
am_cv_val_LC_MESSAGES=yes
gt_cv_func_dgettext_libc=yes
gt_cv_func_dgettext_libintl=no
gt_cv_func_ngettext_libc=yes
gt_cv_have_gettext=yes
lt_cv_ar_at_file=@
lt_cv_archive_cmds_need_lc=no
lt_cv_deplibs_check_method=pass_all
lt_cv_file_magic_cmd='$MAGIC_CMD'
lt_cv_file_magic_test_file=
lt_cv_ld_reload_flag=-r
lt_cv_nm_interface='BSD nm'
lt_cv_objdir=.libs
lt_cv_path_LD=/usr/bin/ld
lt_cv_path_LDCXX='/usr/bin/ld -m elf_x86_64'
lt_cv_path_NM='/usr/bin/nm -B'
lt_cv_path_mainfest_tool=no
lt_cv_prog_compiler_c_o=yes
lt_cv_prog_compiler_c_o_CXX=yes
lt_cv_prog_compiler_pic='-fPIC -DPIC'
lt_cv_prog_compiler_pic_CXX='-fPIC -DPIC'
lt_cv_prog_compiler_pic_works=yes
lt_cv_prog_compiler_pic_works_CXX=yes
lt_cv_prog_compiler_rtti_exceptions=no
lt_cv_prog_compiler_static_works=no
lt_cv_prog_compiler_static_works_CXX=no
lt_cv_prog_gnu_ld=yes
lt_cv_prog_gnu_ldcxx=yes
lt_cv_sharedlib_from_linklib_cmd='printf %s\n'
lt_cv_shlibpath_overrides_runpath=no
lt_cv_sys_global_symbol_pipe='sed -n -e '\''s/^.*[	 ]\([ABCDGIRSTW][ABCDGIRSTW]*\)[	 ][	 ]*\([_A-Za-z][_A-Za-z0-9]*\)$/\1 \2 \2/p'\'' | sed '\''/ __gnu_lto/d'\'''
lt_cv_sys_global_symbol_to_c_name_address='sed -n -e '\''s/^: \([^ ]*\)[ ]*$/  {\"\1\", (void *) 0},/p'\'' -e '\''s/^[ABCDGIRSTW]* \([^ ]*\) \([^ ]*\)$/  {"\2", (void *) \&\2},/p'\'''
lt_cv_sys_global_symbol_to_c_name_address_lib_prefix='sed -n -e '\''s/^: \([^ ]*\)[ ]*$/  {\"\1\", (void *) 0},/p'\'' -e '\''s/^[ABCDGIRSTW]* \([^ ]*\) \(lib[^ ]*\)$/  {"\2", (void *) \&\2},/p'\'' -e '\''s/^[ABCDGIRSTW]* \([^ ]*\) \([^ ]*\)$/  {"lib\2", (void *) \&\2},/p'\'''
lt_cv_sys_global_symbol_to_cdecl='sed -n -e '\''s/^T .* \(.*\)$/extern int \1();/p'\'' -e '\''s/^[ABCDGIRSTW]* .* \(.*\)$/extern char \1;/p'\'''
lt_cv_sys_max_cmd_len=1572864
lt_cv_to_host_file_cmd=func_convert_file_noop
lt_cv_to_tool_file_cmd=func_convert_file_noop
pkg_cv_GCONF_CFLAGS='-pthread -I/usr/include/gconf/2 -I/usr/include/dbus-1.0 -I/usr/lib64/dbus-1.0/include -I/usr/include/glib-2.0 -I/usr/lib64/glib-2.0/include '
pkg_cv_GCONF_LIBS='-lgconf-2 -lglib-2.0 '
pkg_cv_NEMIVERCOMMON_CFLAGS='-pthread -I/usr/include/libxml2 -I/usr/include/libgtop-2.0 -I/usr/include/glibmm-2.4 -I/usr/lib64/glibmm-2.4/include -I/usr/include/glib-2.0 -I/usr/lib64/glib-2.0/include -I/usr/include/sigc++-2.0 -I/usr/lib64/sigc++-2.0/include '
pkg_cv_NEMIVERCOMMON_LIBS='-Wl,--export-dynamic -lgmodule-2.0 -pthread -lgthread-2.0 -pthread -lxml2 -lgtop-2.0 -lglibmm-2.4 -lgobject-2.0 -lglib-2.0 -lsigc-2.0 '
pkg_cv_NEMIVERDBGPERSP_CFLAGS='-DVTE_SEAL_ENABLE -pthread -I/usr/include/gtksourceviewmm-3.0 -I/usr/lib64/gtksourceviewmm-3.0/include -I/usr/include/gtksourceview-3.0 -I/usr/include/vte-2.90 -I/usr/include/gtkhex-3 -I/usr/include/gail-3.0 -I/usr/include/gdlmm-3.0 -I/usr/lib64/gdlmm-3.0/include -I/usr/include/libgdl-3.0 -I/usr/include/libxml2 -I/usr/include/gtkmm-3.0 -I/usr/lib64/gtkmm-3.0/include -I/usr/include/atkmm-1.6 -I/usr/include/gtk-3.0/unix-print -I/usr/include/gdkmm-3.0 -I/usr/lib64/gdkmm-3.0/include -I/usr/include/giomm-2.4 -I/usr/lib64/giomm-2.4/include -I/usr/include/pangomm-1.4 -I/usr/lib64/pangomm-1.4/include -I/usr/include/glibmm-2.4 -I/usr/lib64/glibmm-2.4/include -I/usr/include/gtk-3.0 -I/usr/include/at-spi2-atk/2.0 -I/usr/include/gtk-3.0 -I/usr/include/gio-unix-2.0/ -I/usr/include/cairo -I/usr/include/pango-1.0 -I/usr/include/harfbuzz -I/usr/include/pango-1.0 -I/usr/include/atk-1.0 -I/usr/include/cairo -I/usr/include/cairomm-1.0 -I/usr/lib64/cairomm-1.0/include -I/usr/include/cairo -I/usr/include/pixman-1 -I/usr/include/freetype2 -I/usr/include/libdrm -I/usr/include/libpng16 -I/usr/include/sigc++-2.0 -I/usr/lib64/sigc++-2.0/include -I/usr/include/gdk-pixbuf-2.0 -I/usr/include/libpng16 -I/usr/include/glib-2.0 -I/usr/lib64/glib-2.0/include '
pkg_cv_NEMIVERDBGPERSP_LIBS='-lgtksourceviewmm-3.0 -lgtksourceview-3.0 -lvte2_90 -lgio-2.0 -lX11 -lXext -lgtkhex-3 -lgdlmm-3.0 -lgdl-3 -lgtkmm-3.0 -latkmm-1.6 -lgdkmm-3.0 -lgiomm-2.4 -lpangomm-1.4 -lglibmm-2.4 -lgtk-3 -lgdk-3 -lpangocairo-1.0 -lpango-1.0 -latk-1.0 -lcairo-gobject -lgio-2.0 -lcairomm-1.0 -lcairo -lsigc-2.0 -lgdk_pixbuf-2.0 -lgobject-2.0 -lglib-2.0 '
pkg_cv_NEMIVERUICOMMON_CFLAGS='-DVTE_SEAL_ENABLE -pthread -I/usr/include/gtksourceviewmm-3.0 -I/usr/lib64/gtksourceviewmm-3.0/include -I/usr/include/gtkmm-3.0 -I/usr/lib64/gtkmm-3.0/include -I/usr/include/atkmm-1.6 -I/usr/include/gtk-3.0/unix-print -I/usr/include/gdkmm-3.0 -I/usr/lib64/gdkmm-3.0/include -I/usr/include/giomm-2.4 -I/usr/lib64/giomm-2.4/include -I/usr/include/pangomm-1.4 -I/usr/lib64/pangomm-1.4/include -I/usr/include/cairomm-1.0 -I/usr/lib64/cairomm-1.0/include -I/usr/include/gtksourceview-3.0 -I/usr/include/vte-2.90 -I/usr/include/libxml2 -I/usr/include/libgtop-2.0 -I/usr/include/glibmm-2.4 -I/usr/lib64/glibmm-2.4/include -I/usr/include/sigc++-2.0 -I/usr/lib64/sigc++-2.0/include -I/usr/include/gtkhex-3 -I/usr/include/gail-3.0 -I/usr/include/gtk-3.0 -I/usr/include/at-spi2-atk/2.0 -I/usr/include/gtk-3.0 -I/usr/include/gio-unix-2.0/ -I/usr/include/cairo -I/usr/include/pango-1.0 -I/usr/include/harfbuzz -I/usr/include/pango-1.0 -I/usr/include/atk-1.0 -I/usr/include/cairo -I/usr/include/pixman-1 -I/usr/include/freetype2 -I/usr/include/libdrm -I/usr/include/libpng16 -I/usr/include/gdk-pixbuf-2.0 -I/usr/include/libpng16 -I/usr/include/glib-2.0 -I/usr/lib64/glib-2.0/include '
pkg_cv_NEMIVERUICOMMON_LIBS='-lgtksourceviewmm-3.0 -lgtkmm-3.0 -latkmm-1.6 -lgdkmm-3.0 -lgiomm-2.4 -lpangomm-1.4 -lcairomm-1.0 -lgtksourceview-3.0 -lvte2_90 -lgio-2.0 -lX11 -lXext -Wl,--export-dynamic -lgmodule-2.0 -pthread -lgthread-2.0 -pthread -lxml2 -lgtop-2.0 -lglibmm-2.4 -lsigc-2.0 -lgtkhex-3 -lgtk-3 -lgdk-3 -lpangocairo-1.0 -lpango-1.0 -latk-1.0 -lcairo-gobject -lcairo -lgdk_pixbuf-2.0 -lgio-2.0 -lgobject-2.0 -lglib-2.0 '
pkg_cv_NEMIVERWORKBENCH_CFLAGS='-pthread -I/usr/include/libgtop-2.0 -I/usr/include/gtksourceviewmm-3.0 -I/usr/lib64/gtksourceviewmm-3.0/include -I/usr/include/gtkmm-3.0 -I/usr/lib64/gtkmm-3.0/include -I/usr/include/atkmm-1.6 -I/usr/include/gtk-3.0/unix-print -I/usr/include/gdkmm-3.0 -I/usr/lib64/gdkmm-3.0/include -I/usr/include/giomm-2.4 -I/usr/lib64/giomm-2.4/include -I/usr/include/pangomm-1.4 -I/usr/lib64/pangomm-1.4/include -I/usr/include/glibmm-2.4 -I/usr/lib64/glibmm-2.4/include -I/usr/include/cairomm-1.0 -I/usr/lib64/cairomm-1.0/include -I/usr/include/sigc++-2.0 -I/usr/lib64/sigc++-2.0/include -I/usr/include/gtksourceview-3.0 -I/usr/include/libxml2 -I/usr/include/gtk-3.0 -I/usr/include/at-spi2-atk/2.0 -I/usr/include/gtk-3.0 -I/usr/include/gio-unix-2.0/ -I/usr/include/cairo -I/usr/include/pango-1.0 -I/usr/include/harfbuzz -I/usr/include/pango-1.0 -I/usr/include/atk-1.0 -I/usr/include/cairo -I/usr/include/pixman-1 -I/usr/include/freetype2 -I/usr/include/libdrm -I/usr/include/libpng16 -I/usr/include/gdk-pixbuf-2.0 -I/usr/include/libpng16 -I/usr/include/glib-2.0 -I/usr/lib64/glib-2.0/include '
pkg_cv_NEMIVERWORKBENCH_LIBS='-Wl,--export-dynamic -lgmodule-2.0 -pthread -lgthread-2.0 -pthread -lxml2 -lgtop-2.0 -lgtksourceviewmm-3.0 -lgtkmm-3.0 -latkmm-1.6 -lgdkmm-3.0 -lgiomm-2.4 -lpangomm-1.4 -lglibmm-2.4 -lcairomm-1.0 -lsigc-2.0 -lgtksourceview-3.0 -lgtk-3 -lgdk-3 -lpangocairo-1.0 -lpango-1.0 -latk-1.0 -lcairo-gobject -lcairo -lgdk_pixbuf-2.0 -lgio-2.0 -lgobject-2.0 -lglib-2.0 '
pkg_cv_SQLITE3_CFLAGS=
pkg_cv_SQLITE3_LIBS='-lsqlite3 '

## ----------------- ##
## Output variables. ##
## ----------------- ##
















	        $(LN_S) -f "$(HELP_DIR)/C/$(HELP_ID)/$$f" "$$helpdir$$f" || exit 1; \
	        echo "$(LN_S) -f $(HELP_DIR)/C/$(HELP_ID)/$$f $$helpdir$$f"; \
	      $(INSTALL_DATA) "$$d$$lc/$$f" "$$helpdir$$f" || exit 1; \
	      echo "$(INSTALL_DATA) $$d$$lc/$$f $$helpdir$$f"; \
	      fi; \
	      if test "x$(YELP_NO_LC_MEDIA_LINKS)" != "xno-lc-media-links"; then \
	    $(ITSTOOL) -o "$(notdir $@).tmp" $(_HELP_C_FILES) && \
	    $(ITSTOOL) -o "$(notdir $@).tmp" $(_HELP_C_FILES) && \
	    $(XMLLINT) --noout --noent --path "$$xmlpath" --xinclude "$$d$$lc/$$page"; \
	    cp -p "$$d$$lc/$$file" "$(distdir)/$$lc/" || exit 1; \
	    d="$(srcdir)/"; \
	    echo "$(XMLLINT) --noout --noent --path $$xmlpath --xinclude $$d$$lc/$$page"; \
	    echo "rm -f $$helpdir$$f"; \
	    elif test "x$$lc" != "xC"; then \
	    fi; \
	    helpdir="$(DESTDIR)$(HELP_DIR)/$$lc/$(HELP_ID)/"; \
	    helpdir="$(DESTDIR)$(HELP_DIR)/$$lc/$(HELP_ID)/"; \
	    if ! test -d "$$helpdir$$mdir"; then $(mkinstalldirs) "$$helpdir$$mdir"; fi; \
	    if test "x$mdir" = "x."; then mdir=""; fi; \
	    if test -f "$$d$$lc/$$f"; then \
	    if test -f "$$lc$$f"; then d=; else d="$(srcdir)/"; fi; \
	    if test -f "$$lc/$$file"; then d=./; else d=$(srcdir)/; fi; \
	    mdir=`dirname "$$f"`; \
	    msgmerge -o "$(notdir $@)" "$(notdir $@)" "$(notdir $@).tmp" && \
	    mv "$(notdir $@).tmp" "$(notdir $@)"); \
	    rm "$(notdir $@).tmp"); \
	    rm -f "$$helpdir$$f"; \
	    then d=; \
	    xmlpath="$$lc"; \
	    xmlpath="$$lc:$(srcdir)/$$lc"; \
	  $(INSTALL_DATA) "$$d$$f" "$$helpdir`basename $$f`" || exit 1; \
	  $(INSTALL_DATA) "$$d$$lc/$$f" "$$helpdir`basename $$f`" || exit 1; \
	  $(MKDIR_P) "$(distdir)/$$lc"; \
	  $(mkinstalldirs) "$(DESTDIR)$(HELP_DIR)/$$lc/$(HELP_ID)" || exit 1; \
	  (cd "$(dir $@)" && \
	  (cd "$(dir $@)" && \
	  done; \
	  done; \
	  done; \
	  done; \
	  echo "$(INSTALL_DATA) $$d$$f $$helpdir`basename $$f`"; \
	  echo "$(INSTALL_DATA) $$d$$lc/$$f $$helpdir`basename $$f`"; \
	  echo "rm -f $$helpdir`basename $$f`"; \
	  echo "rm -f $$helpdir`basename $$f`"; \
	  else \
	  fi; \
	  for file in $(HELP_FILES); do \
	  for lc in C $(_HELP_LINGUAS); do \
	  for lc in C $(_HELP_LINGUAS); do \
	  for page in $(HELP_FILES); do \
	  helpdir="$(DESTDIR)$(HELP_DIR)/$$lc/$(HELP_ID)/"; \
	  helpdir="$(DESTDIR)$(HELP_DIR)/$$lc/$(HELP_ID)/"; \
	  helpdir="$(DESTDIR)$(HELP_DIR)/$$lc/$(HELP_ID)/"; \
	  helpdir="$(DESTDIR)$(HELP_DIR)/$$lc/$(HELP_ID)/"; \
	  if ! test -d "$$helpdir"; then $(mkinstalldirs) "$$helpdir"; fi; \
	  if ! test -d "$$helpdir"; then $(mkinstalldirs) "$$helpdir"; fi; \
	  if test "x$(_HELP_V)" = "x0"; then echo "  GEN    $${po}"; fi; \
	  if test -d "$$lc"; \
	  if test -f "$$f"; then d=; else d="$(srcdir)/"; fi; \
	  if test -f "$$lc/$$f"; then d=; else d="$(srcdir)/"; fi; \
	  lc=`dirname "$$f"`; lc=`basename "$$lc"`; \
	  lc=`dirname "$$f"`; lc=`basename "$$lc"`; \
	  msgmerge -q -o "$${po}" "$${po}" "$(_HELP_POTFILE)"; \
	  rm -f "$$helpdir`basename $$f`"; \
	  rm -f "$$helpdir`basename $$f`"; \
	$(AM_V_GEN)if ! test -f "$@"; then \
	$(AM_V_GEN)if test -d "C"; then d=; else d="$(srcdir)/"; fi; \
	$(AM_V_GEN)msgfmt -o "$@" "$<"
	$(AM_V_at)for po in $(_HELP_POFILES); do \
	$(AM_V_at)if ! test -d "$(dir $@)"; then mkdir "$(dir $@)"; fi
	$(AM_V_at)if ! test -d "$(dir $@)"; then mkdir "$(dir $@)"; fi
	$(AM_V_at)if ! test -d "$(dir $@)"; then mkdir "$(dir $@)"; fi
	$(AM_V_at)if test ! -f "$@" -a -f "$(srcdir)/$@"; then cp "$(srcdir)/$@" "$@"; fi
	$(ITSTOOL) -o "$@" $(foreach f,$(_HELP_C_FILES),"$${d}$(f)")
	$(_HELP_LC_VERBOSE)if test -d "C"; then d="../"; else d="$(abs_srcdir)/"; fi; \
	(cd "$(dir $@)" && $(ITSTOOL) -m "$${mo}" $(foreach f,$(_HELP_C_FILES),$${d}/$(f))) && \
	@for f in $(HELP_MEDIA); do \
	@for f in $(HELP_MEDIA); do \
	@for f in $(_HELP_C_EXTRA); do \
	@for f in $(_HELP_C_EXTRA); do \
	@for lc in C $(HELP_LINGUAS); do \
	@for lc in C $(_HELP_LINGUAS); do \
	@for lc in C $(_HELP_LINGUAS); do for f in $(HELP_FILES); do \
	done
	done
	done
	done
	done
	done
	done;
	done; \
	done; done
	done; done
	else \
	fi
	for lc in C $(_HELP_LINGUAS); do \
	for lc in C $(_HELP_LINGUAS); do for f in $(HELP_FILES); do \
	if test -f "$${mo}"; then mo="../$${mo}"; else mo="$(abs_srcdir)/$${mo}"; fi; \
	mo="$(dir $@)$(patsubst %/$(notdir $@),%,$@).mo"; \
	rm -f $(_HELP_LC_FILES) $(_HELP_LC_STAMPS) $(_HELP_MOFILES)
	touch "$@"
$(_HELP_LC_FILES): $(_HELP_LINGUAS)
$(_HELP_LC_STAMPS): $(_HELP_C_FILES) $(_HELP_C_EXTRA)
$(_HELP_LC_STAMPS): %.stamp: %.mo
$(_HELP_LINGUAS): $(_HELP_LC_STAMPS)
$(_HELP_MOFILES): %.mo: %.po
$(_HELP_POFILES):
$(_HELP_POTFILE): $(_HELP_C_FILES) $(_HELP_C_EXTRA) $(_HELP_C_MEDIA)
'
.PHONY: check-help
.PHONY: clean-help
.PHONY: install-help
.PHONY: pot
.PHONY: repo
.PHONY: uninstall-help
ACLOCAL='${SHELL} /home/buseung/nemiver/missing aclocal-1.14'
ALL_LINGUAS=''
AMDEPBACKSLASH='\'
AMDEP_FALSE='#'
AMDEP_TRUE=''
AMTAR='$${TAR-tar}'
AM_BACKSLASH='\'
AM_DEFAULT_V='$(AM_DEFAULT_VERBOSITY)'
AM_DEFAULT_VERBOSITY='0'
AM_V='$(V)'
AR='ar'
AUTOCONF='${SHELL} /home/buseung/nemiver/missing autoconf'
AUTOHEADER='${SHELL} /home/buseung/nemiver/missing autoheader'
AUTOMAKE='${SHELL} /home/buseung/nemiver/missing automake-1.14'
AUTOTESTS_FALSE=''
AUTOTESTS_TRUE='#'
AWK='gawk'
BOOST_CPPFLAGS=''
BOOST_LDFLAGS=''
BOOST_TEST_EXEC_MONITOR_LIB=''
BOOST_UNIT_TEST_FRAMEWORK_LIB=''
BOOST_UNIT_TEST_FRAMEWORK_STATIC_LIB=''
BUILD_DYNAMICLAYOUT_FALSE='#'
BUILD_DYNAMICLAYOUT_TRUE=''
BUILD_GSETTINGS_FALSE=''
BUILD_GSETTINGS_TRUE='#'
BUILD_MEMORYVIEW_FALSE='#'
BUILD_MEMORYVIEW_TRUE=''
CATALOGS=''
CATOBJEXT='.gmo'
CC='gcc'
CCDEPMODE='depmode=gcc3'
CFLAGS='-g -O2 '
CPP='gcc -E'
CPPFLAGS=''
CPPUNIT_VERSION='1.10.0'
CXX='g++'
CXXCPP='g++ -E'
CXXDEPMODE='depmode=gcc3'
CXXFLAGS='-g -O2  -fuse-cxa-atexit'
CYGPATH_W='echo'
DATADIRNAME='share'
DEFS='-DHAVE_CONFIG_H'
DEPDIR='.deps'
DISTCHECK_CONFIGURE_FLAGS='--disable-schemas-install'
DLLTOOL='false'
DSYMUTIL=''
DUMPBIN=''
ECHO_C=''
ECHO_N='-n'
ECHO_T=''
EGREP='/usr/bin/grep -E'
ENABLE_IDEBUGGER_ONLY_FALSE=''
ENABLE_IDEBUGGER_ONLY_TRUE='#'
ENABLE_WORKBENCH_FALSE='#'
ENABLE_WORKBENCH_TRUE=''
EXEEXT=''
EXTRA_DIST += $(_HELP_C_EXTRA) $(_HELP_C_MEDIA)
EXTRA_DIST += $(foreach f,$(HELP_MEDIA),$(foreach lc,$(HELP_LINGUAS),$(wildcard $(lc)/$(f))))
EXTRA_DIST += $(foreach lc,$(HELP_LINGUAS),$(lc)/$(lc).po)
EXTRA_DIST += $(foreach lc,$(HELP_LINGUAS),$(lc)/$(lc).stamp)
EXTRA_DIST ?=
FGREP='/usr/bin/grep -F'
GCONFTOOL='/usr/bin/gconftool-2'
GCONF_CFLAGS='-pthread -I/usr/include/gconf/2 -I/usr/include/dbus-1.0 -I/usr/lib64/dbus-1.0/include -I/usr/include/glib-2.0 -I/usr/lib64/glib-2.0/include '
GCONF_LIBS='-lgconf-2 -lglib-2.0 '
GCONF_SCHEMAS_INSTALL_FALSE='#'
GCONF_SCHEMAS_INSTALL_TRUE=''
GCONF_SCHEMA_CONFIG_SOURCE='xml:merged:/etc/gconf/gconf.xml.defaults'
GCONF_SCHEMA_FILE_DIR='$(sysconfdir)/gconf/schemas'
GCONF_VERSION='2.14.0'
GDB_PROG='/usr/bin/gdb'
GETTEXT_PACKAGE='nemiver'
GIOMM_WITH_GSETTINGS_VERSION=''
GLIB_COMPILE_SCHEMAS=''
GMOFILES=''
GMSGFMT='/usr/bin/msgfmt'
GREP='/usr/bin/grep'
GSETTINGS_DESKTOP_SCHEMAS='0.0.1'
GSETTINGS_DISABLE_SCHEMAS_COMPILE=''
GSETTINGS_RULES=''
GTKHEX_VERSION='2.90'
HAS_DCONF='yes'
HELP_DIR='${datadir}/help'
HELP_EXTRA ?=
HELP_FILES ?=
HELP_ID ?=
HELP_LINGUAS ?=
HELP_MEDIA ?=
HELP_POT ?=
INSTALL_DATA='${INSTALL} -m 644'
INSTALL_PROGRAM='${INSTALL}'
INSTALL_SCRIPT='${INSTALL}'
INSTALL_STRIP_PROGRAM='$(install_sh) -c -s'
INSTOBJEXT='.mo'
INTLLIBS=''
INTLTOOL_CAVES_RULE='%.caves:     %.caves.in     $(INTLTOOL_MERGE) $(wildcard $(top_srcdir)/po/*.po) ; $(INTLTOOL_V_MERGE)LC_ALL=C $(INTLTOOL_MERGE) $(INTLTOOL_V_MERGE_OPTIONS) -d -u -c $(top_builddir)/po/.intltool-merge-cache $(top_srcdir)/po $< $@'
INTLTOOL_DESKTOP_RULE='%.desktop:   %.desktop.in   $(INTLTOOL_MERGE) $(wildcard $(top_srcdir)/po/*.po) ; $(INTLTOOL_V_MERGE)LC_ALL=C $(INTLTOOL_MERGE) $(INTLTOOL_V_MERGE_OPTIONS) -d -u -c $(top_builddir)/po/.intltool-merge-cache $(top_srcdir)/po $< $@'
INTLTOOL_DIRECTORY_RULE='%.directory: %.directory.in $(INTLTOOL_MERGE) $(wildcard $(top_srcdir)/po/*.po) ; $(INTLTOOL_V_MERGE)LC_ALL=C $(INTLTOOL_MERGE) $(INTLTOOL_V_MERGE_OPTIONS) -d -u -c $(top_builddir)/po/.intltool-merge-cache $(top_srcdir)/po $< $@'
INTLTOOL_EXTRACT='/usr/bin/intltool-extract'
INTLTOOL_KBD_RULE='%.kbd:       %.kbd.in       $(INTLTOOL_MERGE) $(wildcard $(top_srcdir)/po/*.po) ; $(INTLTOOL_V_MERGE)LC_ALL=C $(INTLTOOL_MERGE) $(INTLTOOL_V_MERGE_OPTIONS) -x -u -m -c $(top_builddir)/po/.intltool-merge-cache $(top_srcdir)/po $< $@'
INTLTOOL_KEYS_RULE='%.keys:      %.keys.in      $(INTLTOOL_MERGE) $(wildcard $(top_srcdir)/po/*.po) ; $(INTLTOOL_V_MERGE)LC_ALL=C $(INTLTOOL_MERGE) $(INTLTOOL_V_MERGE_OPTIONS) -k -u -c $(top_builddir)/po/.intltool-merge-cache $(top_srcdir)/po $< $@'
INTLTOOL_MERGE='/usr/bin/intltool-merge'
INTLTOOL_OAF_RULE='%.oaf:       %.oaf.in       $(INTLTOOL_MERGE) $(wildcard $(top_srcdir)/po/*.po) ; $(INTLTOOL_V_MERGE)LC_ALL=C $(INTLTOOL_MERGE) $(INTLTOOL_V_MERGE_OPTIONS) -o -p $(top_srcdir)/po $< $@'
INTLTOOL_PERL='/usr/bin/perl'
INTLTOOL_POLICY_RULE='%.policy:    %.policy.in    $(INTLTOOL_MERGE) $(wildcard $(top_srcdir)/po/*.po) ; $(INTLTOOL_V_MERGE)LC_ALL=C $(INTLTOOL_MERGE) $(INTLTOOL_V_MERGE_OPTIONS) -x -u -c $(top_builddir)/po/.intltool-merge-cache $(top_srcdir)/po $< $@'
INTLTOOL_PONG_RULE='%.pong:      %.pong.in      $(INTLTOOL_MERGE) $(wildcard $(top_srcdir)/po/*.po) ; $(INTLTOOL_V_MERGE)LC_ALL=C $(INTLTOOL_MERGE) $(INTLTOOL_V_MERGE_OPTIONS) -x -u -c $(top_builddir)/po/.intltool-merge-cache $(top_srcdir)/po $< $@'
INTLTOOL_PROP_RULE='%.prop:      %.prop.in      $(INTLTOOL_MERGE) $(wildcard $(top_srcdir)/po/*.po) ; $(INTLTOOL_V_MERGE)LC_ALL=C $(INTLTOOL_MERGE) $(INTLTOOL_V_MERGE_OPTIONS) -d -u -c $(top_builddir)/po/.intltool-merge-cache $(top_srcdir)/po $< $@'
INTLTOOL_SCHEMAS_RULE='%.schemas:   %.schemas.in   $(INTLTOOL_MERGE) $(wildcard $(top_srcdir)/po/*.po) ; $(INTLTOOL_V_MERGE)LC_ALL=C $(INTLTOOL_MERGE) $(INTLTOOL_V_MERGE_OPTIONS) -s -u -c $(top_builddir)/po/.intltool-merge-cache $(top_srcdir)/po $< $@'
INTLTOOL_SERVER_RULE='%.server:    %.server.in    $(INTLTOOL_MERGE) $(wildcard $(top_srcdir)/po/*.po) ; $(INTLTOOL_V_MERGE)LC_ALL=C $(INTLTOOL_MERGE) $(INTLTOOL_V_MERGE_OPTIONS) -o -u -c $(top_builddir)/po/.intltool-merge-cache $(top_srcdir)/po $< $@'
INTLTOOL_SERVICE_RULE='%.service: %.service.in   $(INTLTOOL_MERGE) $(wildcard $(top_srcdir)/po/*.po) ; $(INTLTOOL_V_MERGE)LC_ALL=C $(INTLTOOL_MERGE) $(INTLTOOL_V_MERGE_OPTIONS) -d -u -c $(top_builddir)/po/.intltool-merge-cache $(top_srcdir)/po $< $@'
INTLTOOL_SHEET_RULE='%.sheet:     %.sheet.in     $(INTLTOOL_MERGE) $(wildcard $(top_srcdir)/po/*.po) ; $(INTLTOOL_V_MERGE)LC_ALL=C $(INTLTOOL_MERGE) $(INTLTOOL_V_MERGE_OPTIONS) -x -u -c $(top_builddir)/po/.intltool-merge-cache $(top_srcdir)/po $< $@'
INTLTOOL_SOUNDLIST_RULE='%.soundlist: %.soundlist.in $(INTLTOOL_MERGE) $(wildcard $(top_srcdir)/po/*.po) ; $(INTLTOOL_V_MERGE)LC_ALL=C $(INTLTOOL_MERGE) $(INTLTOOL_V_MERGE_OPTIONS) -d -u -c $(top_builddir)/po/.intltool-merge-cache $(top_srcdir)/po $< $@'
INTLTOOL_THEME_RULE='%.theme:     %.theme.in     $(INTLTOOL_MERGE) $(wildcard $(top_srcdir)/po/*.po) ; $(INTLTOOL_V_MERGE)LC_ALL=C $(INTLTOOL_MERGE) $(INTLTOOL_V_MERGE_OPTIONS) -d -u -c $(top_builddir)/po/.intltool-merge-cache $(top_srcdir)/po $< $@'
INTLTOOL_UI_RULE='%.ui:        %.ui.in        $(INTLTOOL_MERGE) $(wildcard $(top_srcdir)/po/*.po) ; $(INTLTOOL_V_MERGE)LC_ALL=C $(INTLTOOL_MERGE) $(INTLTOOL_V_MERGE_OPTIONS) -x -u -c $(top_builddir)/po/.intltool-merge-cache $(top_srcdir)/po $< $@'
INTLTOOL_UPDATE='/usr/bin/intltool-update'
INTLTOOL_V_MERGE='$(INTLTOOL__v_MERGE_$(V))'
INTLTOOL_V_MERGE_OPTIONS='$(intltool__v_merge_options_$(V))'
INTLTOOL_XAM_RULE='%.xam:       %.xml.in       $(INTLTOOL_MERGE) $(wildcard $(top_srcdir)/po/*.po) ; $(INTLTOOL_V_MERGE)LC_ALL=C $(INTLTOOL_MERGE) $(INTLTOOL_V_MERGE_OPTIONS) -x -u -c $(top_builddir)/po/.intltool-merge-cache $(top_srcdir)/po $< $@'
INTLTOOL_XML_NOMERGE_RULE='%.xml:       %.xml.in       $(INTLTOOL_MERGE) ; $(INTLTOOL_V_MERGE)LC_ALL=C $(INTLTOOL_MERGE) $(INTLTOOL_V_MERGE_OPTIONS) -x -u --no-translations $< $@'
INTLTOOL_XML_RULE='%.xml:       %.xml.in       $(INTLTOOL_MERGE) $(wildcard $(top_srcdir)/po/*.po) ; $(INTLTOOL_V_MERGE)LC_ALL=C $(INTLTOOL_MERGE) $(INTLTOOL_V_MERGE_OPTIONS) -x -u -c $(top_builddir)/po/.intltool-merge-cache $(top_srcdir)/po $< $@'
INTLTOOL__v_MERGE_0='@echo "  ITMRG " $@;'
INTLTOOL__v_MERGE_='$(INTLTOOL__v_MERGE_$(AM_DEFAULT_VERBOSITY))'
ITSTOOL='itstool'
LD='/usr/bin/ld -m elf_x86_64'
LDFLAGS=''
LIBGDLMM_VERSION='3.0'
LIBGIOMM_VERSION='2.15.2'
LIBGLIBMM_VERSION='2.14'
LIBGMODULE_VERSION='2.14'
LIBGTHREAD_VERSION='2.14'
LIBGTKMM_VERSION='3.0'
LIBGTKSOURCEVIEWMM_VERSION='3.0'
LIBGTK_VERSION='2.22'
LIBGTOP_VERSION='2.14'
LIBOBJS=''
LIBS=''
LIBTOOL='$(SHELL) $(top_builddir)/libtool'
LIBVTE_VERSION='0.28'
LIBXML2_VERSION='2.6.22'
LIPO=''
LN_S='ln -s'
LTLIBOBJS=''
MAINT=''
MAINTAINER_MODE_FALSE='#'
MAINTAINER_MODE_TRUE=''
MAKEINFO='${SHELL} /home/buseung/nemiver/missing makeinfo'
MANIFEST_TOOL=':'
MKDIR_P='/usr/bin/mkdir -p'
MKINSTALLDIRS='./mkinstalldirs'
MSGFMT='/usr/bin/msgfmt'
MSGFMT_OPTS='-c'
MSGMERGE='/usr/bin/msgmerge'
NEMIVERCOMMON_CFLAGS='-pthread -I/usr/include/libxml2 -I/usr/include/libgtop-2.0 -I/usr/include/glibmm-2.4 -I/usr/lib64/glibmm-2.4/include -I/usr/include/glib-2.0 -I/usr/lib64/glib-2.0/include -I/usr/include/sigc++-2.0 -I/usr/lib64/sigc++-2.0/include  '
NEMIVERCOMMON_LIBS='-Wl,--export-dynamic -lgmodule-2.0 -pthread -lgthread-2.0 -pthread -lxml2 -lgtop-2.0 -lglibmm-2.4 -lgobject-2.0 -lglib-2.0 -lsigc-2.0   '
NEMIVERDBGPERSP_CFLAGS='-DVTE_SEAL_ENABLE -pthread -I/usr/include/gtksourceviewmm-3.0 -I/usr/lib64/gtksourceviewmm-3.0/include -I/usr/include/gtksourceview-3.0 -I/usr/include/vte-2.90 -I/usr/include/gtkhex-3 -I/usr/include/gail-3.0 -I/usr/include/gdlmm-3.0 -I/usr/lib64/gdlmm-3.0/include -I/usr/include/libgdl-3.0 -I/usr/include/libxml2 -I/usr/include/gtkmm-3.0 -I/usr/lib64/gtkmm-3.0/include -I/usr/include/atkmm-1.6 -I/usr/include/gtk-3.0/unix-print -I/usr/include/gdkmm-3.0 -I/usr/lib64/gdkmm-3.0/include -I/usr/include/giomm-2.4 -I/usr/lib64/giomm-2.4/include -I/usr/include/pangomm-1.4 -I/usr/lib64/pangomm-1.4/include -I/usr/include/glibmm-2.4 -I/usr/lib64/glibmm-2.4/include -I/usr/include/gtk-3.0 -I/usr/include/at-spi2-atk/2.0 -I/usr/include/gtk-3.0 -I/usr/include/gio-unix-2.0/ -I/usr/include/cairo -I/usr/include/pango-1.0 -I/usr/include/harfbuzz -I/usr/include/pango-1.0 -I/usr/include/atk-1.0 -I/usr/include/cairo -I/usr/include/cairomm-1.0 -I/usr/lib64/cairomm-1.0/include -I/usr/include/cairo -I/usr/include/pixman-1 -I/usr/include/freetype2 -I/usr/include/libdrm -I/usr/include/libpng16 -I/usr/include/sigc++-2.0 -I/usr/lib64/sigc++-2.0/include -I/usr/include/gdk-pixbuf-2.0 -I/usr/include/libpng16 -I/usr/include/glib-2.0 -I/usr/lib64/glib-2.0/include  '
NEMIVERDBGPERSP_LIBS='-lgtksourceviewmm-3.0 -lgtksourceview-3.0 -lvte2_90 -lgio-2.0 -lX11 -lXext -lgtkhex-3 -lgdlmm-3.0 -lgdl-3 -lgtkmm-3.0 -latkmm-1.6 -lgdkmm-3.0 -lgiomm-2.4 -lpangomm-1.4 -lglibmm-2.4 -lgtk-3 -lgdk-3 -lpangocairo-1.0 -lpango-1.0 -latk-1.0 -lcairo-gobject -lgio-2.0 -lcairomm-1.0 -lcairo -lsigc-2.0 -lgdk_pixbuf-2.0 -lgobject-2.0 -lglib-2.0  '
NEMIVERGSETTINGS_CFLAGS=''
NEMIVERGSETTINGS_LIBS=''
NEMIVERUICOMMON_CFLAGS='-DVTE_SEAL_ENABLE -pthread -I/usr/include/gtksourceviewmm-3.0 -I/usr/lib64/gtksourceviewmm-3.0/include -I/usr/include/gtkmm-3.0 -I/usr/lib64/gtkmm-3.0/include -I/usr/include/atkmm-1.6 -I/usr/include/gtk-3.0/unix-print -I/usr/include/gdkmm-3.0 -I/usr/lib64/gdkmm-3.0/include -I/usr/include/giomm-2.4 -I/usr/lib64/giomm-2.4/include -I/usr/include/pangomm-1.4 -I/usr/lib64/pangomm-1.4/include -I/usr/include/cairomm-1.0 -I/usr/lib64/cairomm-1.0/include -I/usr/include/gtksourceview-3.0 -I/usr/include/vte-2.90 -I/usr/include/libxml2 -I/usr/include/libgtop-2.0 -I/usr/include/glibmm-2.4 -I/usr/lib64/glibmm-2.4/include -I/usr/include/sigc++-2.0 -I/usr/lib64/sigc++-2.0/include -I/usr/include/gtkhex-3 -I/usr/include/gail-3.0 -I/usr/include/gtk-3.0 -I/usr/include/at-spi2-atk/2.0 -I/usr/include/gtk-3.0 -I/usr/include/gio-unix-2.0/ -I/usr/include/cairo -I/usr/include/pango-1.0 -I/usr/include/harfbuzz -I/usr/include/pango-1.0 -I/usr/include/atk-1.0 -I/usr/include/cairo -I/usr/include/pixman-1 -I/usr/include/freetype2 -I/usr/include/libdrm -I/usr/include/libpng16 -I/usr/include/gdk-pixbuf-2.0 -I/usr/include/libpng16 -I/usr/include/glib-2.0 -I/usr/lib64/glib-2.0/include  '
NEMIVERUICOMMON_LIBS='-lgtksourceviewmm-3.0 -lgtkmm-3.0 -latkmm-1.6 -lgdkmm-3.0 -lgiomm-2.4 -lpangomm-1.4 -lcairomm-1.0 -lgtksourceview-3.0 -lvte2_90 -lgio-2.0 -lX11 -lXext -Wl,--export-dynamic -lgmodule-2.0 -pthread -lgthread-2.0 -pthread -lxml2 -lgtop-2.0 -lglibmm-2.4 -lsigc-2.0 -lgtkhex-3 -lgtk-3 -lgdk-3 -lpangocairo-1.0 -lpango-1.0 -latk-1.0 -lcairo-gobject -lcairo -lgdk_pixbuf-2.0 -lgio-2.0 -lgobject-2.0 -lglib-2.0  '
NEMIVERWORKBENCH_CFLAGS='-pthread -I/usr/include/libgtop-2.0 -I/usr/include/gtksourceviewmm-3.0 -I/usr/lib64/gtksourceviewmm-3.0/include -I/usr/include/gtkmm-3.0 -I/usr/lib64/gtkmm-3.0/include -I/usr/include/atkmm-1.6 -I/usr/include/gtk-3.0/unix-print -I/usr/include/gdkmm-3.0 -I/usr/lib64/gdkmm-3.0/include -I/usr/include/giomm-2.4 -I/usr/lib64/giomm-2.4/include -I/usr/include/pangomm-1.4 -I/usr/lib64/pangomm-1.4/include -I/usr/include/glibmm-2.4 -I/usr/lib64/glibmm-2.4/include -I/usr/include/cairomm-1.0 -I/usr/lib64/cairomm-1.0/include -I/usr/include/sigc++-2.0 -I/usr/lib64/sigc++-2.0/include -I/usr/include/gtksourceview-3.0 -I/usr/include/libxml2 -I/usr/include/gtk-3.0 -I/usr/include/at-spi2-atk/2.0 -I/usr/include/gtk-3.0 -I/usr/include/gio-unix-2.0/ -I/usr/include/cairo -I/usr/include/pango-1.0 -I/usr/include/harfbuzz -I/usr/include/pango-1.0 -I/usr/include/atk-1.0 -I/usr/include/cairo -I/usr/include/pixman-1 -I/usr/include/freetype2 -I/usr/include/libdrm -I/usr/include/libpng16 -I/usr/include/gdk-pixbuf-2.0 -I/usr/include/libpng16 -I/usr/include/glib-2.0 -I/usr/lib64/glib-2.0/include  '
NEMIVERWORKBENCH_LIBS='-Wl,--export-dynamic -lgmodule-2.0 -pthread -lgthread-2.0 -pthread -lxml2 -lgtop-2.0 -lgtksourceviewmm-3.0 -lgtkmm-3.0 -latkmm-1.6 -lgdkmm-3.0 -lgiomm-2.4 -lpangomm-1.4 -lglibmm-2.4 -lcairomm-1.0 -lsigc-2.0 -lgtksourceview-3.0 -lgtk-3 -lgdk-3 -lpangocairo-1.0 -lpango-1.0 -latk-1.0 -lcairo-gobject -lcairo -lgdk_pixbuf-2.0 -lgio-2.0 -lgobject-2.0 -lglib-2.0  '
NEMIVER_CFLAGS='-DVTE_SEAL_ENABLE -pthread -I/usr/include/gtksourceviewmm-3.0 -I/usr/lib64/gtksourceviewmm-3.0/include -I/usr/include/gtkmm-3.0 -I/usr/lib64/gtkmm-3.0/include -I/usr/include/atkmm-1.6 -I/usr/include/gtk-3.0/unix-print -I/usr/include/gdkmm-3.0 -I/usr/lib64/gdkmm-3.0/include -I/usr/include/giomm-2.4 -I/usr/lib64/giomm-2.4/include -I/usr/include/pangomm-1.4 -I/usr/lib64/pangomm-1.4/include -I/usr/include/cairomm-1.0 -I/usr/lib64/cairomm-1.0/include -I/usr/include/gtksourceview-3.0 -I/usr/include/vte-2.90 -I/usr/include/libxml2 -I/usr/include/libgtop-2.0 -I/usr/include/glibmm-2.4 -I/usr/lib64/glibmm-2.4/include -I/usr/include/sigc++-2.0 -I/usr/lib64/sigc++-2.0/include -I/usr/include/gtkhex-3 -I/usr/include/gail-3.0 -I/usr/include/gtk-3.0 -I/usr/include/at-spi2-atk/2.0 -I/usr/include/gtk-3.0 -I/usr/include/gio-unix-2.0/ -I/usr/include/cairo -I/usr/include/pango-1.0 -I/usr/include/harfbuzz -I/usr/include/pango-1.0 -I/usr/include/atk-1.0 -I/usr/include/cairo -I/usr/include/pixman-1 -I/usr/include/freetype2 -I/usr/include/libdrm -I/usr/include/libpng16 -I/usr/include/gdk-pixbuf-2.0 -I/usr/include/libpng16 -I/usr/include/glib-2.0 -I/usr/lib64/glib-2.0/include  '
NEMIVER_INCLUDE_DIR='${prefix}/include/nemiver'
NEMIVER_INSTALL_PREFIX='/usr/local'
NEMIVER_LIBDIR='/usr/local/lib'
NEMIVER_LIBS='-lgtksourceviewmm-3.0 -lgtkmm-3.0 -latkmm-1.6 -lgdkmm-3.0 -lgiomm-2.4 -lpangomm-1.4 -lcairomm-1.0 -lgtksourceview-3.0 -lvte2_90 -lgio-2.0 -lX11 -lXext -Wl,--export-dynamic -lgmodule-2.0 -pthread -lgthread-2.0 -pthread -lxml2 -lgtop-2.0 -lglibmm-2.4 -lsigc-2.0 -lgtkhex-3 -lgtk-3 -lgdk-3 -lpangocairo-1.0 -lpango-1.0 -latk-1.0 -lcairo-gobject -lcairo -lgdk_pixbuf-2.0 -lgio-2.0 -lgobject-2.0 -lglib-2.0  '
NEMIVER_LIB_DIR_NAME=''
NEMIVER_MODULES_DIR='${exec_prefix}/lib/nemiver/modules'
NEMIVER_PLUGINS_DIR='${exec_prefix}/lib/nemiver/plugins'
NEMIVER_SYSTEM_CONFIG_DIR='${exec_prefix}/lib/nemiver/config'
NEMIVER_TEST_MODULES_DIR='${exec_prefix}/lib/nemiver/modules/test-modules'
NEMIVER_VERSION='..'
NM='/usr/bin/nm -B'
NMEDIT=''
OBJDUMP='objdump'
OBJEXT='o'
OTOOL64=''
OTOOL=''
PACKAGE='nemiver'
PACKAGE_BUGREPORT='http://bugzilla.gnome.org/enter_bug.cgi?product=nemiver'
PACKAGE_NAME='nemiver'
PACKAGE_STRING='nemiver 0.9.5'
PACKAGE_TARNAME='nemiver'
PACKAGE_URL='http://projects.gnome.org/nemiver'
PACKAGE_VERSION='0.9.5'
PATH_SEPARATOR=':'
PKG_CONFIG='/usr/bin/pkg-config'
PKG_CONFIG_LIBDIR=''
PKG_CONFIG_PATH=''
POFILES=''
POSUB='po'
PO_IN_DATADIR_FALSE=''
PO_IN_DATADIR_TRUE=''
RANLIB='ranlib'
SED='/usr/bin/sed'
SET_MAKE=''
SHELL='/bin/sh'
SQLITE3_CFLAGS=''
SQLITE3_LIBS='-lsqlite3 '
SQLITE3_VERSION='3.0'
STRIP='strip'
USE_NLS='yes'
VERSION='0.9.5'
XGETTEXT='/usr/bin/xgettext'
XMLLINT='xmllint'
YELP_HELP_RULES='
YELP_NO_LC_MEDIA_LINKS=''
_HELP_C_EXTRA = $(foreach f,$(HELP_EXTRA),C/$(f))
_HELP_C_FILES = $(foreach f,$(HELP_FILES),C/$(f))
_HELP_C_MEDIA = $(foreach f,$(HELP_MEDIA),C/$(f))
_HELP_DEFAULT_V = $(if $(AM_DEFAULT_VERBOSITY),$(AM_DEFAULT_VERBOSITY),1)
_HELP_LC_FILES = $(foreach lc,$(_HELP_LINGUAS),$(foreach f,$(HELP_FILES),$(lc)/$(f)))
_HELP_LC_STAMPS = $(foreach lc,$(_HELP_LINGUAS),$(lc)/$(lc).stamp)
_HELP_LC_VERBOSE = $(_HELP_LC_VERBOSE_$(_HELP_V))
_HELP_LC_VERBOSE_ = $(_HELP_LC_VERBOSE_$(_HELP_DEFAULT_V))
_HELP_LC_VERBOSE_0 = @echo "  GEN    "$(dir $@);
_HELP_LINGUAS = $(if $(filter environment,$(origin LINGUAS)),$(filter $(LINGUAS),$(HELP_LINGUAS)),$(HELP_LINGUAS))
_HELP_MOFILES = $(patsubst %.po,%.mo,$(_HELP_POFILES))
_HELP_POFILES = $(if $(HELP_ID),$(foreach lc,$(_HELP_LINGUAS),$(lc)/$(lc).po))
_HELP_POTFILE = $(if $(HELP_POT),$(HELP_POT),$(if $(HELP_ID),$(HELP_ID).pot))
_HELP_V = $(if $(V),$(V),$(_HELP_DEFAULT_V))
ac_ct_AR='ar'
ac_ct_CC='gcc'
ac_ct_CXX='g++'
ac_ct_DUMPBIN=''
all: $(_HELP_C_FILES) $(_HELP_C_EXTRA) $(_HELP_C_MEDIA) $(_HELP_LC_FILES) $(_HELP_POFILES)
am__EXEEXT_FALSE=''
am__EXEEXT_TRUE='#'
am__fastdepCC_FALSE='#'
am__fastdepCC_TRUE=''
am__fastdepCXX_FALSE='#'
am__fastdepCXX_TRUE=''
am__include='include'
am__isrc=''
am__leading_dot='.'
am__nodep='_no'
am__quote=''
am__tar='$${TAR-tar} chof - "$$tardir"'
am__untar='$${TAR-tar} xf -'
bindir='${exec_prefix}/bin'
build='x86_64-unknown-linux-gnu'
build_alias=''
build_cpu='x86_64'
build_os='linux-gnu'
build_vendor='unknown'
check-help:
check: check-help
clean-help:
datadir='${datarootdir}'
datarootdir='${prefix}/share'
distdir-help-files:
distdir: distdir-help-files
docdir='${datarootdir}/doc/${PACKAGE_TARNAME}'
dvidir='${docdir}'
exec_prefix='/usr/local'
gsettingsschemadir='dummy'
host='x86_64-unknown-linux-gnu'
host_alias=''
host_cpu='x86_64'
host_os='linux-gnu'
host_vendor='unknown'
htmldir='${docdir}'
includedir='${prefix}/include'
infodir='${datarootdir}/info'
install-data-am: $(if $(HELP_ID),install-help)
install-help:
install_sh='${SHELL} /home/buseung/nemiver/install-sh'
intltool__v_merge_options_0='-q'
intltool__v_merge_options_='$(intltool__v_merge_options_$(AM_DEFAULT_VERBOSITY))'
libdir='${exec_prefix}/lib'
libexecdir='${exec_prefix}/libexec'
localedir='${datarootdir}/locale'
localstatedir='${prefix}/var'
mandir='${datarootdir}/man'
mkdir_p='$(MKDIR_P)'
mostlyclean-am: $(if $(HELP_ID),clean-help)
nemiverlocaledir='${datarootdir}/locale'
oldincludedir='/usr/include'
pdfdir='${docdir}'
pot: $(_HELP_POTFILE)
prefix='/usr/local'
program_transform_name='s,x,x,'
psdir='${docdir}'
repo: $(_HELP_POTFILE)
sbindir='${exec_prefix}/sbin'
sharedstatedir='${prefix}/com'
sysconfdir='${prefix}/etc'
target='x86_64-unknown-linux-gnu'
target_alias=''
target_cpu='x86_64'
target_os='linux-gnu'
target_vendor='unknown'
uninstall-am: $(if $(HELP_ID),uninstall-help)
uninstall-help:

## ----------- ##
## confdefs.h. ##
## ----------- ##

/* confdefs.h */
#define PACKAGE_NAME "nemiver"
#define PACKAGE_TARNAME "nemiver"
#define PACKAGE_VERSION "0.9.5"
#define PACKAGE_STRING "nemiver 0.9.5"
#define PACKAGE_BUGREPORT "http://bugzilla.gnome.org/enter_bug.cgi?product=nemiver"
#define PACKAGE_URL "http://projects.gnome.org/nemiver"
#define PACKAGE "nemiver"
#define VERSION "0.9.5"
#define STDC_HEADERS 1
#define HAVE_SYS_TYPES_H 1
#define HAVE_SYS_STAT_H 1
#define HAVE_STDLIB_H 1
#define HAVE_STRING_H 1
#define HAVE_MEMORY_H 1
#define HAVE_STRINGS_H 1
#define HAVE_INTTYPES_H 1
#define HAVE_STDINT_H 1
#define HAVE_UNISTD_H 1
#define __EXTENSIONS__ 1
#define _ALL_SOURCE 1
#define _GNU_SOURCE 1
#define _POSIX_PTHREAD_SEMANTICS 1
#define _TANDEM_SOURCE 1
#define HAVE_DLFCN_H 1
#define LT_OBJDIR ".libs/"
#define GETTEXT_PACKAGE "nemiver"
#define HAVE_LOCALE_H 1
#define HAVE_LC_MESSAGES 1
#define HAVE_BIND_TEXTDOMAIN_CODESET 1
#define HAVE_GETTEXT 1
#define HAVE_DCGETTEXT 1
#define ENABLE_NLS 1
#define WITH_WORKBENCH 1
#define WITH_MEMORYVIEW 1
#define WITH_DYNAMICLAYOUT 1
#define NEMIVER_DEBUG 1
#define CONFIG_MGR_MODULE_NAME "gconfmgr"
#define HAVE_BOOST_VARIANT_HPP 1
#define NEMIVER_DEBUG 1

configure: exit 0
